<?xml version="1.0" encoding="UTF-8"?>
<testsuite xmlns:xsi="http://www.w3.org/2001/XMLSchema-instance" xsi:noNamespaceSchemaLocation="https://maven.apache.org/surefire/maven-surefire-plugin/xsd/surefire-test-report-3.0.xsd" version="3.0" name="com.ramonyago.cloudsim.AppTest" time="0.767" tests="8" errors="0" skipped="0" failures="0">
  <properties>
[...]
</properties>
  <testcase name="testMultipleStrategies" classname="com.ramonyago.cloudsim.AppTest" time="0.491">
    <system-out><![CDATA[&amp#27;[34mINFO  VM Allocation Optimizer initialized for instance: sample
&amp#27;[0;39m&amp#27;[34mINFO  Instance statistics: Instance Statistics:
  VMs: 3, Hosts: 3
  Avg VM reliability requirement: 0,943
  Avg Host failure probability: 0,027
  Total host activation cost: 300,00
  Resource demands vs capacities:
    CPU: 7,00 / 24,00 (29,2%)
    RAM: 14,00 / 48,00 (29,2%)
    Storage: 70,00 / 350,00 (20,0%)
    Network: 0,00 / 0,00 (0,0%)
    GPU: 0,00 / 0,00 (0,0%)

&amp#27;[0;39m&amp#27;[34mINFO  Starting hybrid optimization process...
&amp#27;[0;39m&amp#27;[34mINFO  === Phase 1: Multi-objective BRKGA ===
&amp#27;[0;39m&amp#27;[34mINFO  MOBRKGA initialized with parameters: BRKGAParameters{popSize=10, maxGen=5, elite=0,15, mutant=0,10, inheritance=0,70, archiveSize=5, NSGA2=true}
&amp#27;[0;39m&amp#27;[34mINFO  Starting MOBRKGA execution...
&amp#27;[0;39m&amp#27;[39mDEBUG Population initialized with 10 individuals
&amp#27;[0;39m&amp#27;[34mINFO  Generation 5: Archive size = 5, Avg cost = 146,00, Avg reliability = 0,987
&amp#27;[0;39m&amp#27;[34mINFO  MOBRKGA completed in 11 ms
&amp#27;[0;39m&amp#27;[34mINFO  BRKGA completed. Archive size: 5
&amp#27;[0;39m&amp#27;[34mINFO  === Phase 2: Multi-objective Tabu Search ===
&amp#27;[0;39m&amp#27;[34mINFO  Starting Tabu Search with 5 initial solutions
&amp#27;[0;39m&amp#27;[39mDEBUG Iteration 1: Found improving solution (cost: 120,00, reliability: 0,990)
&amp#27;[0;39m&amp#27;[39mDEBUG Iteration 3: Found improving solution (cost: 120,00, reliability: 0,990)
&amp#27;[0;39m&amp#27;[39mDEBUG Iteration 5: Found improving solution (cost: 120,00, reliability: 0,990)
&amp#27;[0;39m&amp#27;[39mDEBUG Iteration 7: Found improving solution (cost: 120,00, reliability: 0,990)
&amp#27;[0;39m&amp#27;[39mDEBUG Iteration 9: Found improving solution (cost: 120,00, reliability: 0,990)
&amp#27;[0;39m&amp#27;[39mDEBUG Applying diversification strategy
&amp#27;[0;39m&amp#27;[39mDEBUG Iteration 51: Found improving solution (cost: 100,00, reliability: 0,980)
&amp#27;[0;39m&amp#27;[39mDEBUG Iteration 53: Found improving solution (cost: 100,00, reliability: 0,980)
&amp#27;[0;39m&amp#27;[39mDEBUG Applying diversification strategy
&amp#27;[0;39m&amp#27;[39mDEBUG Applying diversification strategy
&amp#27;[0;39m&amp#27;[39mDEBUG Applying diversification strategy
&amp#27;[0;39m&amp#27;[39mDEBUG Applying diversification strategy
&amp#27;[0;39m&amp#27;[39mDEBUG Applying diversification strategy
&amp#27;[0;39m&amp#27;[39mDEBUG Applying diversification strategy
&amp#27;[0;39m&amp#27;[39mDEBUG Applying diversification strategy
&amp#27;[0;39m&amp#27;[39mDEBUG Applying diversification strategy
&amp#27;[0;39m&amp#27;[39mDEBUG Iteration 1: Found improving solution (cost: 120,00, reliability: 0,990)
&amp#27;[0;39m&amp#27;[39mDEBUG Iteration 3: Found improving solution (cost: 120,00, reliability: 0,990)
&amp#27;[0;39m&amp#27;[39mDEBUG Iteration 5: Found improving solution (cost: 120,00, reliability: 0,990)
&amp#27;[0;39m&amp#27;[39mDEBUG Iteration 7: Found improving solution (cost: 120,00, reliability: 0,990)
&amp#27;[0;39m&amp#27;[39mDEBUG Iteration 9: Found improving solution (cost: 120,00, reliability: 0,990)
&amp#27;[0;39m&amp#27;[39mDEBUG Applying diversification strategy
&amp#27;[0;39m&amp#27;[39mDEBUG Applying diversification strategy
&amp#27;[0;39m&amp#27;[39mDEBUG Applying diversification strategy
&amp#27;[0;39m&amp#27;[39mDEBUG Applying diversification strategy
&amp#27;[0;39m&amp#27;[39mDEBUG Applying diversification strategy
&amp#27;[0;39m&amp#27;[39mDEBUG Applying diversification strategy
&amp#27;[0;39m&amp#27;[39mDEBUG Applying diversification strategy
&amp#27;[0;39m&amp#27;[39mDEBUG Applying diversification strategy
&amp#27;[0;39m&amp#27;[39mDEBUG Applying diversification strategy
&amp#27;[0;39m&amp#27;[39mDEBUG Iteration 1: Found improving solution (cost: 120,00, reliability: 0,990)
&amp#27;[0;39m&amp#27;[39mDEBUG Iteration 3: Found improving solution (cost: 120,00, reliability: 0,990)
&amp#27;[0;39m&amp#27;[39mDEBUG Iteration 5: Found improving solution (cost: 120,00, reliability: 0,990)
&amp#27;[0;39m&amp#27;[39mDEBUG Iteration 7: Found improving solution (cost: 120,00, reliability: 0,990)
&amp#27;[0;39m&amp#27;[39mDEBUG Iteration 9: Found improving solution (cost: 120,00, reliability: 0,990)
&amp#27;[0;39m&amp#27;[39mDEBUG Applying diversification strategy
&amp#27;[0;39m&amp#27;[39mDEBUG Iteration 52: Found improving solution (cost: 100,00, reliability: 0,980)
&amp#27;[0;39m&amp#27;[39mDEBUG Iteration 54: Found improving solution (cost: 100,00, reliability: 0,980)
&amp#27;[0;39m&amp#27;[39mDEBUG Applying diversification strategy
&amp#27;[0;39m&amp#27;[39mDEBUG Applying diversification strategy
&amp#27;[0;39m&amp#27;[39mDEBUG Applying diversification strategy
&amp#27;[0;39m&amp#27;[39mDEBUG Applying diversification strategy
&amp#27;[0;39m&amp#27;[39mDEBUG Applying diversification strategy
&amp#27;[0;39m&amp#27;[39mDEBUG Applying diversification strategy
&amp#27;[0;39m&amp#27;[39mDEBUG Applying diversification strategy
&amp#27;[0;39m&amp#27;[39mDEBUG Applying diversification strategy
&amp#27;[0;39m&amp#27;[39mDEBUG Iteration 1: Found improving solution (cost: 120,00, reliability: 0,990)
&amp#27;[0;39m&amp#27;[39mDEBUG Iteration 3: Found improving solution (cost: 120,00, reliability: 0,990)
&amp#27;[0;39m&amp#27;[39mDEBUG Iteration 5: Found improving solution (cost: 120,00, reliability: 0,990)
&amp#27;[0;39m&amp#27;[39mDEBUG Iteration 7: Found improving solution (cost: 120,00, reliability: 0,990)
&amp#27;[0;39m&amp#27;[39mDEBUG Iteration 9: Found improving solution (cost: 120,00, reliability: 0,990)
&amp#27;[0;39m&amp#27;[39mDEBUG Applying diversification strategy
&amp#27;[0;39m&amp#27;[39mDEBUG Iteration 51: Found improving solution (cost: 100,00, reliability: 0,980)
&amp#27;[0;39m&amp#27;[39mDEBUG Applying diversification strategy
&amp#27;[0;39m&amp#27;[39mDEBUG Applying diversification strategy
&amp#27;[0;39m&amp#27;[39mDEBUG Applying diversification strategy
&amp#27;[0;39m&amp#27;[39mDEBUG Applying diversification strategy
&amp#27;[0;39m&amp#27;[39mDEBUG Applying diversification strategy
&amp#27;[0;39m&amp#27;[39mDEBUG Applying diversification strategy
&amp#27;[0;39m&amp#27;[39mDEBUG Applying diversification strategy
&amp#27;[0;39m&amp#27;[39mDEBUG Applying diversification strategy
&amp#27;[0;39m&amp#27;[39mDEBUG Iteration 1: Found improving solution (cost: 120,00, reliability: 0,990)
&amp#27;[0;39m&amp#27;[39mDEBUG Iteration 3: Found improving solution (cost: 120,00, reliability: 0,990)
&amp#27;[0;39m&amp#27;[39mDEBUG Iteration 5: Found improving solution (cost: 120,00, reliability: 0,990)
&amp#27;[0;39m&amp#27;[39mDEBUG Iteration 7: Found improving solution (cost: 120,00, reliability: 0,990)
&amp#27;[0;39m&amp#27;[39mDEBUG Iteration 9: Found improving solution (cost: 120,00, reliability: 0,990)
&amp#27;[0;39m&amp#27;[39mDEBUG Applying diversification strategy
&amp#27;[0;39m&amp#27;[39mDEBUG Iteration 52: Found improving solution (cost: 100,00, reliability: 0,980)
&amp#27;[0;39m&amp#27;[39mDEBUG Iteration 54: Found improving solution (cost: 100,00, reliability: 0,980)
&amp#27;[0;39m&amp#27;[39mDEBUG Applying diversification strategy
&amp#27;[0;39m&amp#27;[39mDEBUG Applying diversification strategy
&amp#27;[0;39m&amp#27;[39mDEBUG Applying diversification strategy
&amp#27;[0;39m&amp#27;[39mDEBUG Applying diversification strategy
&amp#27;[0;39m&amp#27;[39mDEBUG Applying diversification strategy
&amp#27;[0;39m&amp#27;[39mDEBUG Applying diversification strategy
&amp#27;[0;39m&amp#27;[39mDEBUG Applying diversification strategy
&amp#27;[0;39m&amp#27;[39mDEBUG Applying diversification strategy
&amp#27;[0;39m&amp#27;[34mINFO  Tabu Search completed in 88 ms, 2500 iterations, 32 improvements
&amp#27;[0;39m&amp#27;[34mINFO  Tabu Search completed. Archive size: 5, Improvements: 32
&amp#27;[0;39m&amp#27;[34mINFO  Hybrid optimization completed in 102 ms
&amp#27;[0;39m&amp#27;[34mINFO  Final archive statistics: ArchiveStats{size=5, cost=[120,00, 120,00, 120,00], reliability=[0,990, 0,990, 0,990]}
&amp#27;[0;39m&amp#27;[34mINFO  VM Allocation Optimizer initialized for instance: sample
&amp#27;[0;39m&amp#27;[34mINFO  Instance statistics: Instance Statistics:
  VMs: 3, Hosts: 3
  Avg VM reliability requirement: 0,943
  Avg Host failure probability: 0,027
  Total host activation cost: 300,00
  Resource demands vs capacities:
    CPU: 7,00 / 24,00 (29,2%)
    RAM: 14,00 / 48,00 (29,2%)
    Storage: 70,00 / 350,00 (20,0%)
    Network: 0,00 / 0,00 (0,0%)
    GPU: 0,00 / 0,00 (0,0%)

&amp#27;[0;39m&amp#27;[34mINFO  Starting hybrid optimization process...
&amp#27;[0;39m&amp#27;[34mINFO  === Phase 1: Multi-objective BRKGA ===
&amp#27;[0;39m&amp#27;[34mINFO  MOBRKGA initialized with parameters: BRKGAParameters{popSize=10, maxGen=5, elite=0,15, mutant=0,10, inheritance=0,70, archiveSize=5, NSGA2=true}
&amp#27;[0;39m&amp#27;[34mINFO  Starting MOBRKGA execution...
&amp#27;[0;39m&amp#27;[39mDEBUG Population initialized with 10 individuals
&amp#27;[0;39m&amp#27;[34mINFO  Generation 5: Archive size = 5, Avg cost = 158,00, Avg reliability = 0,987
&amp#27;[0;39m&amp#27;[34mINFO  MOBRKGA completed in 2 ms
&amp#27;[0;39m&amp#27;[34mINFO  BRKGA completed. Archive size: 5
&amp#27;[0;39m&amp#27;[34mINFO  === Phase 2: Multi-objective Tabu Search ===
&amp#27;[0;39m&amp#27;[34mINFO  Starting Tabu Search with 5 initial solutions
&amp#27;[0;39m&amp#27;[39mDEBUG Iteration 1: Found improving solution (cost: 120,00, reliability: 0,990)
&amp#27;[0;39m&amp#27;[39mDEBUG Iteration 3: Found improving solution (cost: 120,00, reliability: 0,990)
&amp#27;[0;39m&amp#27;[39mDEBUG Iteration 5: Found improving solution (cost: 120,00, reliability: 0,990)
&amp#27;[0;39m&amp#27;[39mDEBUG Iteration 7: Found improving solution (cost: 120,00, reliability: 0,990)
&amp#27;[0;39m&amp#27;[39mDEBUG Iteration 9: Found improving solution (cost: 120,00, reliability: 0,990)
&amp#27;[0;39m&amp#27;[39mDEBUG Applying diversification strategy
&amp#27;[0;39m&amp#27;[39mDEBUG Iteration 51: Found improving solution (cost: 100,00, reliability: 0,980)
&amp#27;[0;39m&amp#27;[39mDEBUG Iteration 53: Found improving solution (cost: 100,00, reliability: 0,980)
&amp#27;[0;39m&amp#27;[39mDEBUG Applying diversification strategy
&amp#27;[0;39m&amp#27;[39mDEBUG Applying diversification strategy
&amp#27;[0;39m&amp#27;[39mDEBUG Applying diversification strategy
&amp#27;[0;39m&amp#27;[39mDEBUG Applying diversification strategy
&amp#27;[0;39m&amp#27;[39mDEBUG Applying diversification strategy
&amp#27;[0;39m&amp#27;[39mDEBUG Applying diversification strategy
&amp#27;[0;39m&amp#27;[39mDEBUG Applying diversification strategy
&amp#27;[0;39m&amp#27;[39mDEBUG Applying diversification strategy
&amp#27;[0;39m&amp#27;[39mDEBUG Iteration 1: Found improving solution (cost: 120,00, reliability: 0,990)
&amp#27;[0;39m&amp#27;[39mDEBUG Iteration 3: Found improving solution (cost: 120,00, reliability: 0,990)
&amp#27;[0;39m&amp#27;[39mDEBUG Iteration 5: Found improving solution (cost: 120,00, reliability: 0,990)
&amp#27;[0;39m&amp#27;[39mDEBUG Iteration 7: Found improving solution (cost: 120,00, reliability: 0,990)
&amp#27;[0;39m&amp#27;[39mDEBUG Iteration 9: Found improving solution (cost: 120,00, reliability: 0,990)
&amp#27;[0;39m&amp#27;[39mDEBUG Applying diversification strategy
&amp#27;[0;39m&amp#27;[39mDEBUG Applying diversification strategy
&amp#27;[0;39m&amp#27;[39mDEBUG Applying diversification strategy
&amp#27;[0;39m&amp#27;[39mDEBUG Applying diversification strategy
&amp#27;[0;39m&amp#27;[39mDEBUG Applying diversification strategy
&amp#27;[0;39m&amp#27;[39mDEBUG Applying diversification strategy
&amp#27;[0;39m&amp#27;[39mDEBUG Applying diversification strategy
&amp#27;[0;39m&amp#27;[39mDEBUG Applying diversification strategy
&amp#27;[0;39m&amp#27;[39mDEBUG Applying diversification strategy
&amp#27;[0;39m&amp#27;[39mDEBUG Iteration 1: Found improving solution (cost: 120,00, reliability: 0,990)
&amp#27;[0;39m&amp#27;[39mDEBUG Iteration 3: Found improving solution (cost: 120,00, reliability: 0,990)
&amp#27;[0;39m&amp#27;[39mDEBUG Iteration 5: Found improving solution (cost: 120,00, reliability: 0,990)
&amp#27;[0;39m&amp#27;[39mDEBUG Iteration 7: Found improving solution (cost: 120,00, reliability: 0,990)
&amp#27;[0;39m&amp#27;[39mDEBUG Iteration 9: Found improving solution (cost: 120,00, reliability: 0,990)
&amp#27;[0;39m&amp#27;[39mDEBUG Applying diversification strategy
&amp#27;[0;39m&amp#27;[39mDEBUG Iteration 52: Found improving solution (cost: 100,00, reliability: 0,980)
&amp#27;[0;39m&amp#27;[39mDEBUG Iteration 54: Found improving solution (cost: 100,00, reliability: 0,980)
&amp#27;[0;39m&amp#27;[39mDEBUG Applying diversification strategy
&amp#27;[0;39m&amp#27;[39mDEBUG Applying diversification strategy
&amp#27;[0;39m&amp#27;[39mDEBUG Applying diversification strategy
&amp#27;[0;39m&amp#27;[39mDEBUG Applying diversification strategy
&amp#27;[0;39m&amp#27;[39mDEBUG Applying diversification strategy
&amp#27;[0;39m&amp#27;[39mDEBUG Applying diversification strategy
&amp#27;[0;39m&amp#27;[39mDEBUG Applying diversification strategy
&amp#27;[0;39m&amp#27;[39mDEBUG Applying diversification strategy
&amp#27;[0;39m&amp#27;[39mDEBUG Iteration 1: Found improving solution (cost: 120,00, reliability: 0,990)
&amp#27;[0;39m&amp#27;[39mDEBUG Iteration 3: Found improving solution (cost: 120,00, reliability: 0,990)
&amp#27;[0;39m&amp#27;[39mDEBUG Iteration 5: Found improving solution (cost: 120,00, reliability: 0,990)
&amp#27;[0;39m&amp#27;[39mDEBUG Iteration 7: Found improving solution (cost: 120,00, reliability: 0,990)
&amp#27;[0;39m&amp#27;[39mDEBUG Iteration 9: Found improving solution (cost: 120,00, reliability: 0,990)
&amp#27;[0;39m&amp#27;[39mDEBUG Applying diversification strategy
&amp#27;[0;39m&amp#27;[39mDEBUG Iteration 51: Found improving solution (cost: 100,00, reliability: 0,980)
&amp#27;[0;39m&amp#27;[39mDEBUG Applying diversification strategy
&amp#27;[0;39m&amp#27;[39mDEBUG Applying diversification strategy
&amp#27;[0;39m&amp#27;[39mDEBUG Applying diversification strategy
&amp#27;[0;39m&amp#27;[39mDEBUG Applying diversification strategy
&amp#27;[0;39m&amp#27;[39mDEBUG Applying diversification strategy
&amp#27;[0;39m&amp#27;[39mDEBUG Applying diversification strategy
&amp#27;[0;39m&amp#27;[39mDEBUG Applying diversification strategy
&amp#27;[0;39m&amp#27;[39mDEBUG Applying diversification strategy
&amp#27;[0;39m&amp#27;[39mDEBUG Iteration 1: Found improving solution (cost: 120,00, reliability: 0,990)
&amp#27;[0;39m&amp#27;[39mDEBUG Iteration 3: Found improving solution (cost: 120,00, reliability: 0,990)
&amp#27;[0;39m&amp#27;[39mDEBUG Iteration 5: Found improving solution (cost: 120,00, reliability: 0,990)
&amp#27;[0;39m&amp#27;[39mDEBUG Iteration 7: Found improving solution (cost: 120,00, reliability: 0,990)
&amp#27;[0;39m&amp#27;[39mDEBUG Iteration 9: Found improving solution (cost: 120,00, reliability: 0,990)
&amp#27;[0;39m&amp#27;[39mDEBUG Applying diversification strategy
&amp#27;[0;39m&amp#27;[39mDEBUG Iteration 52: Found improving solution (cost: 100,00, reliability: 0,980)
&amp#27;[0;39m&amp#27;[39mDEBUG Iteration 54: Found improving solution (cost: 100,00, reliability: 0,980)
&amp#27;[0;39m&amp#27;[39mDEBUG Applying diversification strategy
&amp#27;[0;39m&amp#27;[39mDEBUG Applying diversification strategy
&amp#27;[0;39m&amp#27;[39mDEBUG Applying diversification strategy
&amp#27;[0;39m&amp#27;[39mDEBUG Applying diversification strategy
&amp#27;[0;39m&amp#27;[39mDEBUG Applying diversification strategy
&amp#27;[0;39m&amp#27;[39mDEBUG Applying diversification strategy
&amp#27;[0;39m&amp#27;[39mDEBUG Applying diversification strategy
&amp#27;[0;39m&amp#27;[39mDEBUG Applying diversification strategy
&amp#27;[0;39m&amp#27;[34mINFO  Tabu Search completed in 46 ms, 2500 iterations, 32 improvements
&amp#27;[0;39m&amp#27;[34mINFO  Tabu Search completed. Archive size: 5, Improvements: 32
&amp#27;[0;39m&amp#27;[34mINFO  Hybrid optimization completed in 50 ms
&amp#27;[0;39m&amp#27;[34mINFO  Final archive statistics: ArchiveStats{size=5, cost=[120,00, 120,00, 120,00], reliability=[0,990, 0,990, 0,990]}
&amp#27;[0;39m&amp#27;[34mINFO  VM Allocation Optimizer initialized for instance: sample
&amp#27;[0;39m&amp#27;[34mINFO  Instance statistics: Instance Statistics:
  VMs: 3, Hosts: 3
  Avg VM reliability requirement: 0,943
  Avg Host failure probability: 0,027
  Total host activation cost: 300,00
  Resource demands vs capacities:
    CPU: 7,00 / 24,00 (29,2%)
    RAM: 14,00 / 48,00 (29,2%)
    Storage: 70,00 / 350,00 (20,0%)
    Network: 0,00 / 0,00 (0,0%)
    GPU: 0,00 / 0,00 (0,0%)

&amp#27;[0;39m&amp#27;[34mINFO  Starting hybrid optimization process...
&amp#27;[0;39m&amp#27;[34mINFO  === Phase 1: Multi-objective BRKGA ===
&amp#27;[0;39m&amp#27;[34mINFO  MOBRKGA initialized with parameters: BRKGAParameters{popSize=10, maxGen=5, elite=0,15, mutant=0,10, inheritance=0,70, archiveSize=5, NSGA2=true}
&amp#27;[0;39m&amp#27;[34mINFO  Starting MOBRKGA execution...
&amp#27;[0;39m&amp#27;[39mDEBUG Population initialized with 10 individuals
&amp#27;[0;39m&amp#27;[34mINFO  Generation 5: Archive size = 5, Avg cost = 158,00, Avg reliability = 0,987
&amp#27;[0;39m&amp#27;[34mINFO  MOBRKGA completed in 1 ms
&amp#27;[0;39m&amp#27;[34mINFO  BRKGA completed. Archive size: 5
&amp#27;[0;39m&amp#27;[34mINFO  === Phase 2: Multi-objective Tabu Search ===
&amp#27;[0;39m&amp#27;[34mINFO  Starting Tabu Search with 5 initial solutions
&amp#27;[0;39m&amp#27;[39mDEBUG Iteration 1: Found improving solution (cost: 120,00, reliability: 0,990)
&amp#27;[0;39m&amp#27;[39mDEBUG Iteration 3: Found improving solution (cost: 120,00, reliability: 0,990)
&amp#27;[0;39m&amp#27;[39mDEBUG Iteration 5: Found improving solution (cost: 120,00, reliability: 0,990)
&amp#27;[0;39m&amp#27;[39mDEBUG Iteration 7: Found improving solution (cost: 120,00, reliability: 0,990)
&amp#27;[0;39m&amp#27;[39mDEBUG Iteration 9: Found improving solution (cost: 120,00, reliability: 0,990)
&amp#27;[0;39m&amp#27;[39mDEBUG Applying diversification strategy
&amp#27;[0;39m&amp#27;[39mDEBUG Iteration 51: Found improving solution (cost: 100,00, reliability: 0,980)
&amp#27;[0;39m&amp#27;[39mDEBUG Iteration 53: Found improving solution (cost: 100,00, reliability: 0,980)
&amp#27;[0;39m&amp#27;[39mDEBUG Applying diversification strategy
&amp#27;[0;39m&amp#27;[39mDEBUG Applying diversification strategy
&amp#27;[0;39m&amp#27;[39mDEBUG Applying diversification strategy
&amp#27;[0;39m&amp#27;[39mDEBUG Applying diversification strategy
&amp#27;[0;39m&amp#27;[39mDEBUG Applying diversification strategy
&amp#27;[0;39m&amp#27;[39mDEBUG Applying diversification strategy
&amp#27;[0;39m&amp#27;[39mDEBUG Applying diversification strategy
&amp#27;[0;39m&amp#27;[39mDEBUG Applying diversification strategy
&amp#27;[0;39m&amp#27;[39mDEBUG Iteration 1: Found improving solution (cost: 120,00, reliability: 0,990)
&amp#27;[0;39m&amp#27;[39mDEBUG Iteration 3: Found improving solution (cost: 120,00, reliability: 0,990)
&amp#27;[0;39m&amp#27;[39mDEBUG Iteration 5: Found improving solution (cost: 120,00, reliability: 0,990)
&amp#27;[0;39m&amp#27;[39mDEBUG Iteration 7: Found improving solution (cost: 120,00, reliability: 0,990)
&amp#27;[0;39m&amp#27;[39mDEBUG Iteration 9: Found improving solution (cost: 120,00, reliability: 0,990)
&amp#27;[0;39m&amp#27;[39mDEBUG Applying diversification strategy
&amp#27;[0;39m&amp#27;[39mDEBUG Applying diversification strategy
&amp#27;[0;39m&amp#27;[39mDEBUG Applying diversification strategy
&amp#27;[0;39m&amp#27;[39mDEBUG Applying diversification strategy
&amp#27;[0;39m&amp#27;[39mDEBUG Applying diversification strategy
&amp#27;[0;39m&amp#27;[39mDEBUG Applying diversification strategy
&amp#27;[0;39m&amp#27;[39mDEBUG Applying diversification strategy
&amp#27;[0;39m&amp#27;[39mDEBUG Applying diversification strategy
&amp#27;[0;39m&amp#27;[39mDEBUG Applying diversification strategy
&amp#27;[0;39m&amp#27;[39mDEBUG Iteration 1: Found improving solution (cost: 120,00, reliability: 0,990)
&amp#27;[0;39m&amp#27;[39mDEBUG Iteration 3: Found improving solution (cost: 120,00, reliability: 0,990)
&amp#27;[0;39m&amp#27;[39mDEBUG Iteration 5: Found improving solution (cost: 120,00, reliability: 0,990)
&amp#27;[0;39m&amp#27;[39mDEBUG Iteration 7: Found improving solution (cost: 120,00, reliability: 0,990)
&amp#27;[0;39m&amp#27;[39mDEBUG Iteration 9: Found improving solution (cost: 120,00, reliability: 0,990)
&amp#27;[0;39m&amp#27;[39mDEBUG Applying diversification strategy
&amp#27;[0;39m&amp#27;[39mDEBUG Iteration 52: Found improving solution (cost: 100,00, reliability: 0,980)
&amp#27;[0;39m&amp#27;[39mDEBUG Iteration 54: Found improving solution (cost: 100,00, reliability: 0,980)
&amp#27;[0;39m&amp#27;[39mDEBUG Applying diversification strategy
&amp#27;[0;39m&amp#27;[39mDEBUG Applying diversification strategy
&amp#27;[0;39m&amp#27;[39mDEBUG Applying diversification strategy
&amp#27;[0;39m&amp#27;[39mDEBUG Applying diversification strategy
&amp#27;[0;39m&amp#27;[39mDEBUG Applying diversification strategy
&amp#27;[0;39m&amp#27;[39mDEBUG Applying diversification strategy
&amp#27;[0;39m&amp#27;[39mDEBUG Applying diversification strategy
&amp#27;[0;39m&amp#27;[39mDEBUG Applying diversification strategy
&amp#27;[0;39m&amp#27;[39mDEBUG Iteration 1: Found improving solution (cost: 120,00, reliability: 0,990)
&amp#27;[0;39m&amp#27;[39mDEBUG Iteration 3: Found improving solution (cost: 120,00, reliability: 0,990)
&amp#27;[0;39m&amp#27;[39mDEBUG Iteration 5: Found improving solution (cost: 120,00, reliability: 0,990)
&amp#27;[0;39m&amp#27;[39mDEBUG Iteration 7: Found improving solution (cost: 120,00, reliability: 0,990)
&amp#27;[0;39m&amp#27;[39mDEBUG Iteration 9: Found improving solution (cost: 120,00, reliability: 0,990)
&amp#27;[0;39m&amp#27;[39mDEBUG Applying diversification strategy
&amp#27;[0;39m&amp#27;[39mDEBUG Iteration 51: Found improving solution (cost: 100,00, reliability: 0,980)
&amp#27;[0;39m&amp#27;[39mDEBUG Applying diversification strategy
&amp#27;[0;39m&amp#27;[39mDEBUG Applying diversification strategy
&amp#27;[0;39m&amp#27;[39mDEBUG Applying diversification strategy
&amp#27;[0;39m&amp#27;[39mDEBUG Applying diversification strategy
&amp#27;[0;39m&amp#27;[39mDEBUG Applying diversification strategy
&amp#27;[0;39m&amp#27;[39mDEBUG Applying diversification strategy
&amp#27;[0;39m&amp#27;[39mDEBUG Applying diversification strategy
&amp#27;[0;39m&amp#27;[39mDEBUG Applying diversification strategy
&amp#27;[0;39m&amp#27;[39mDEBUG Iteration 1: Found improving solution (cost: 120,00, reliability: 0,990)
&amp#27;[0;39m&amp#27;[39mDEBUG Iteration 3: Found improving solution (cost: 120,00, reliability: 0,990)
&amp#27;[0;39m&amp#27;[39mDEBUG Iteration 5: Found improving solution (cost: 120,00, reliability: 0,990)
&amp#27;[0;39m&amp#27;[39mDEBUG Iteration 7: Found improving solution (cost: 120,00, reliability: 0,990)
&amp#27;[0;39m&amp#27;[39mDEBUG Iteration 9: Found improving solution (cost: 120,00, reliability: 0,990)
&amp#27;[0;39m&amp#27;[39mDEBUG Applying diversification strategy
&amp#27;[0;39m&amp#27;[39mDEBUG Iteration 52: Found improving solution (cost: 100,00, reliability: 0,980)
&amp#27;[0;39m&amp#27;[39mDEBUG Iteration 54: Found improving solution (cost: 100,00, reliability: 0,980)
&amp#27;[0;39m&amp#27;[39mDEBUG Applying diversification strategy
&amp#27;[0;39m&amp#27;[39mDEBUG Applying diversification strategy
&amp#27;[0;39m&amp#27;[39mDEBUG Applying diversification strategy
&amp#27;[0;39m&amp#27;[39mDEBUG Applying diversification strategy
&amp#27;[0;39m&amp#27;[39mDEBUG Applying diversification strategy
&amp#27;[0;39m&amp#27;[39mDEBUG Applying diversification strategy
&amp#27;[0;39m&amp#27;[39mDEBUG Applying diversification strategy
&amp#27;[0;39m&amp#27;[39mDEBUG Applying diversification strategy
&amp#27;[0;39m&amp#27;[34mINFO  Tabu Search completed in 36 ms, 2500 iterations, 32 improvements
&amp#27;[0;39m&amp#27;[34mINFO  Tabu Search completed. Archive size: 5, Improvements: 32
&amp#27;[0;39m&amp#27;[34mINFO  Hybrid optimization completed in 38 ms
&amp#27;[0;39m&amp#27;[34mINFO  Final archive statistics: ArchiveStats{size=5, cost=[120,00, 120,00, 120,00], reliability=[0,990, 0,990, 0,990]}
&amp#27;[0;39m&amp#27;[34mINFO  VM Allocation Optimizer initialized for instance: sample
&amp#27;[0;39m&amp#27;[34mINFO  Instance statistics: Instance Statistics:
  VMs: 3, Hosts: 3
  Avg VM reliability requirement: 0,943
  Avg Host failure probability: 0,027
  Total host activation cost: 300,00
  Resource demands vs capacities:
    CPU: 7,00 / 24,00 (29,2%)
    RAM: 14,00 / 48,00 (29,2%)
    Storage: 70,00 / 350,00 (20,0%)
    Network: 0,00 / 0,00 (0,0%)
    GPU: 0,00 / 0,00 (0,0%)

&amp#27;[0;39m&amp#27;[34mINFO  Starting hybrid optimization process...
&amp#27;[0;39m&amp#27;[34mINFO  === Phase 1: Multi-objective BRKGA ===
&amp#27;[0;39m&amp#27;[34mINFO  MOBRKGA initialized with parameters: BRKGAParameters{popSize=10, maxGen=5, elite=0,15, mutant=0,10, inheritance=0,70, archiveSize=5, NSGA2=true}
&amp#27;[0;39m&amp#27;[34mINFO  Starting MOBRKGA execution...
&amp#27;[0;39m&amp#27;[39mDEBUG Population initialized with 10 individuals
&amp#27;[0;39m&amp#27;[34mINFO  Generation 5: Archive size = 5, Avg cost = 146,00, Avg reliability = 0,987
&amp#27;[0;39m&amp#27;[34mINFO  MOBRKGA completed in 2 ms
&amp#27;[0;39m&amp#27;[34mINFO  BRKGA completed. Archive size: 5
&amp#27;[0;39m&amp#27;[34mINFO  === Phase 2: Multi-objective Tabu Search ===
&amp#27;[0;39m&amp#27;[34mINFO  Starting Tabu Search with 5 initial solutions
&amp#27;[0;39m&amp#27;[39mDEBUG Iteration 1: Found improving solution (cost: 120,00, reliability: 0,990)
&amp#27;[0;39m&amp#27;[39mDEBUG Iteration 3: Found improving solution (cost: 120,00, reliability: 0,990)
&amp#27;[0;39m&amp#27;[39mDEBUG Iteration 5: Found improving solution (cost: 120,00, reliability: 0,990)
&amp#27;[0;39m&amp#27;[39mDEBUG Iteration 7: Found improving solution (cost: 120,00, reliability: 0,990)
&amp#27;[0;39m&amp#27;[39mDEBUG Iteration 9: Found improving solution (cost: 120,00, reliability: 0,990)
&amp#27;[0;39m&amp#27;[39mDEBUG Applying diversification strategy
&amp#27;[0;39m&amp#27;[39mDEBUG Iteration 51: Found improving solution (cost: 100,00, reliability: 0,980)
&amp#27;[0;39m&amp#27;[39mDEBUG Iteration 53: Found improving solution (cost: 100,00, reliability: 0,980)
&amp#27;[0;39m&amp#27;[39mDEBUG Applying diversification strategy
&amp#27;[0;39m&amp#27;[39mDEBUG Applying diversification strategy
&amp#27;[0;39m&amp#27;[39mDEBUG Applying diversification strategy
&amp#27;[0;39m&amp#27;[39mDEBUG Applying diversification strategy
&amp#27;[0;39m&amp#27;[39mDEBUG Applying diversification strategy
&amp#27;[0;39m&amp#27;[39mDEBUG Applying diversification strategy
&amp#27;[0;39m&amp#27;[39mDEBUG Applying diversification strategy
&amp#27;[0;39m&amp#27;[39mDEBUG Applying diversification strategy
&amp#27;[0;39m&amp#27;[39mDEBUG Iteration 1: Found improving solution (cost: 120,00, reliability: 0,990)
&amp#27;[0;39m&amp#27;[39mDEBUG Iteration 3: Found improving solution (cost: 120,00, reliability: 0,990)
&amp#27;[0;39m&amp#27;[39mDEBUG Iteration 5: Found improving solution (cost: 120,00, reliability: 0,990)
&amp#27;[0;39m&amp#27;[39mDEBUG Iteration 7: Found improving solution (cost: 120,00, reliability: 0,990)
&amp#27;[0;39m&amp#27;[39mDEBUG Iteration 9: Found improving solution (cost: 120,00, reliability: 0,990)
&amp#27;[0;39m&amp#27;[39mDEBUG Applying diversification strategy
&amp#27;[0;39m&amp#27;[39mDEBUG Applying diversification strategy
&amp#27;[0;39m&amp#27;[39mDEBUG Applying diversification strategy
&amp#27;[0;39m&amp#27;[39mDEBUG Applying diversification strategy
&amp#27;[0;39m&amp#27;[39mDEBUG Applying diversification strategy
&amp#27;[0;39m&amp#27;[39mDEBUG Applying diversification strategy
&amp#27;[0;39m&amp#27;[39mDEBUG Applying diversification strategy
&amp#27;[0;39m&amp#27;[39mDEBUG Applying diversification strategy
&amp#27;[0;39m&amp#27;[39mDEBUG Applying diversification strategy
&amp#27;[0;39m&amp#27;[39mDEBUG Iteration 1: Found improving solution (cost: 120,00, reliability: 0,990)
&amp#27;[0;39m&amp#27;[39mDEBUG Iteration 3: Found improving solution (cost: 120,00, reliability: 0,990)
&amp#27;[0;39m&amp#27;[39mDEBUG Iteration 5: Found improving solution (cost: 120,00, reliability: 0,990)
&amp#27;[0;39m&amp#27;[39mDEBUG Iteration 7: Found improving solution (cost: 120,00, reliability: 0,990)
&amp#27;[0;39m&amp#27;[39mDEBUG Iteration 9: Found improving solution (cost: 120,00, reliability: 0,990)
&amp#27;[0;39m&amp#27;[39mDEBUG Applying diversification strategy
&amp#27;[0;39m&amp#27;[39mDEBUG Iteration 52: Found improving solution (cost: 100,00, reliability: 0,980)
&amp#27;[0;39m&amp#27;[39mDEBUG Iteration 54: Found improving solution (cost: 100,00, reliability: 0,980)
&amp#27;[0;39m&amp#27;[39mDEBUG Applying diversification strategy
&amp#27;[0;39m&amp#27;[39mDEBUG Applying diversification strategy
&amp#27;[0;39m&amp#27;[39mDEBUG Applying diversification strategy
&amp#27;[0;39m&amp#27;[39mDEBUG Applying diversification strategy
&amp#27;[0;39m&amp#27;[39mDEBUG Applying diversification strategy
&amp#27;[0;39m&amp#27;[39mDEBUG Applying diversification strategy
&amp#27;[0;39m&amp#27;[39mDEBUG Applying diversification strategy
&amp#27;[0;39m&amp#27;[39mDEBUG Applying diversification strategy
&amp#27;[0;39m&amp#27;[39mDEBUG Iteration 1: Found improving solution (cost: 120,00, reliability: 0,990)
&amp#27;[0;39m&amp#27;[39mDEBUG Iteration 3: Found improving solution (cost: 120,00, reliability: 0,990)
&amp#27;[0;39m&amp#27;[39mDEBUG Iteration 5: Found improving solution (cost: 120,00, reliability: 0,990)
&amp#27;[0;39m&amp#27;[39mDEBUG Iteration 7: Found improving solution (cost: 120,00, reliability: 0,990)
&amp#27;[0;39m&amp#27;[39mDEBUG Iteration 9: Found improving solution (cost: 120,00, reliability: 0,990)
&amp#27;[0;39m&amp#27;[39mDEBUG Applying diversification strategy
&amp#27;[0;39m&amp#27;[39mDEBUG Iteration 51: Found improving solution (cost: 100,00, reliability: 0,980)
&amp#27;[0;39m&amp#27;[39mDEBUG Applying diversification strategy
&amp#27;[0;39m&amp#27;[39mDEBUG Applying diversification strategy
&amp#27;[0;39m&amp#27;[39mDEBUG Applying diversification strategy
&amp#27;[0;39m&amp#27;[39mDEBUG Applying diversification strategy
&amp#27;[0;39m&amp#27;[39mDEBUG Applying diversification strategy
&amp#27;[0;39m&amp#27;[39mDEBUG Applying diversification strategy
&amp#27;[0;39m&amp#27;[39mDEBUG Applying diversification strategy
&amp#27;[0;39m&amp#27;[39mDEBUG Applying diversification strategy
&amp#27;[0;39m&amp#27;[39mDEBUG Iteration 1: Found improving solution (cost: 120,00, reliability: 0,990)
&amp#27;[0;39m&amp#27;[39mDEBUG Iteration 3: Found improving solution (cost: 120,00, reliability: 0,990)
&amp#27;[0;39m&amp#27;[39mDEBUG Iteration 5: Found improving solution (cost: 120,00, reliability: 0,990)
&amp#27;[0;39m&amp#27;[39mDEBUG Iteration 7: Found improving solution (cost: 120,00, reliability: 0,990)
&amp#27;[0;39m&amp#27;[39mDEBUG Iteration 9: Found improving solution (cost: 120,00, reliability: 0,990)
&amp#27;[0;39m&amp#27;[39mDEBUG Applying diversification strategy
&amp#27;[0;39m&amp#27;[39mDEBUG Iteration 52: Found improving solution (cost: 100,00, reliability: 0,980)
&amp#27;[0;39m&amp#27;[39mDEBUG Iteration 54: Found improving solution (cost: 100,00, reliability: 0,980)
&amp#27;[0;39m&amp#27;[39mDEBUG Applying diversification strategy
&amp#27;[0;39m&amp#27;[39mDEBUG Applying diversification strategy
&amp#27;[0;39m&amp#27;[39mDEBUG Applying diversification strategy
&amp#27;[0;39m&amp#27;[39mDEBUG Applying diversification strategy
&amp#27;[0;39m&amp#27;[39mDEBUG Applying diversification strategy
&amp#27;[0;39m&amp#27;[39mDEBUG Applying diversification strategy
&amp#27;[0;39m&amp#27;[39mDEBUG Applying diversification strategy
&amp#27;[0;39m&amp#27;[39mDEBUG Applying diversification strategy
&amp#27;[0;39m&amp#27;[34mINFO  Tabu Search completed in 34 ms, 2500 iterations, 32 improvements
&amp#27;[0;39m&amp#27;[34mINFO  Tabu Search completed. Archive size: 5, Improvements: 32
&amp#27;[0;39m&amp#27;[34mINFO  Hybrid optimization completed in 36 ms
&amp#27;[0;39m&amp#27;[34mINFO  Final archive statistics: ArchiveStats{size=5, cost=[120,00, 120,00, 120,00], reliability=[0,990, 0,990, 0,990]}
&amp#27;[0;39m]]></system-out>
    <system-err><![CDATA[SLF4J: Class path contains multiple SLF4J providers.
SLF4J: Found provider [ch.qos.logback.classic.spi.LogbackServiceProvider@77fbd92c]
SLF4J: Found provider [org.slf4j.simple.SimpleServiceProvider@67c27493]
SLF4J: See https://www.slf4j.org/codes.html#multiple_bindings for an explanation.
SLF4J: Actual provider is of type [ch.qos.logback.classic.spi.LogbackServiceProvider@77fbd92c]
]]></system-err>
  </testcase>
  <testcase name="testParameterValidation" classname="com.ramonyago.cloudsim.AppTest" time="0.005"/>
  <testcase name="testInstanceCreation" classname="com.ramonyago.cloudsim.AppTest" time="0.003"/>
  <testcase name="testParetoArchive" classname="com.ramonyago.cloudsim.AppTest" time="0.083">
    <system-out><![CDATA[&amp#27;[34mINFO  VM Allocation Optimizer initialized for instance: sample
&amp#27;[0;39m&amp#27;[34mINFO  Instance statistics: Instance Statistics:
  VMs: 3, Hosts: 3
  Avg VM reliability requirement: 0,943
  Avg Host failure probability: 0,027
  Total host activation cost: 300,00
  Resource demands vs capacities:
    CPU: 7,00 / 24,00 (29,2%)
    RAM: 14,00 / 48,00 (29,2%)
    Storage: 70,00 / 350,00 (20,0%)
    Network: 0,00 / 0,00 (0,0%)
    GPU: 0,00 / 0,00 (0,0%)

&amp#27;[0;39m&amp#27;[34mINFO  Starting hybrid optimization process...
&amp#27;[0;39m&amp#27;[34mINFO  === Phase 1: Multi-objective BRKGA ===
&amp#27;[0;39m&amp#27;[34mINFO  MOBRKGA initialized with parameters: BRKGAParameters{popSize=20, maxGen=10, elite=0,15, mutant=0,10, inheritance=0,70, archiveSize=10, NSGA2=true}
&amp#27;[0;39m&amp#27;[34mINFO  Starting MOBRKGA execution...
&amp#27;[0;39m&amp#27;[39mDEBUG Population initialized with 20 individuals
&amp#27;[0;39m&amp#27;[34mINFO  Generation 10: Archive size = 10, Avg cost = 159,00, Avg reliability = 0,985
&amp#27;[0;39m&amp#27;[34mINFO  MOBRKGA completed in 5 ms
&amp#27;[0;39m&amp#27;[34mINFO  BRKGA completed. Archive size: 10
&amp#27;[0;39m&amp#27;[34mINFO  === Phase 2: Multi-objective Tabu Search ===
&amp#27;[0;39m&amp#27;[34mINFO  Starting Tabu Search with 10 initial solutions
&amp#27;[0;39m&amp#27;[39mDEBUG Iteration 1: Found improving solution (cost: 120,00, reliability: 0,990)
&amp#27;[0;39m&amp#27;[39mDEBUG Iteration 3: Found improving solution (cost: 120,00, reliability: 0,990)
&amp#27;[0;39m&amp#27;[39mDEBUG Iteration 5: Found improving solution (cost: 120,00, reliability: 0,990)
&amp#27;[0;39m&amp#27;[39mDEBUG Iteration 7: Found improving solution (cost: 120,00, reliability: 0,990)
&amp#27;[0;39m&amp#27;[39mDEBUG Iteration 9: Found improving solution (cost: 120,00, reliability: 0,990)
&amp#27;[0;39m&amp#27;[39mDEBUG Applying diversification strategy
&amp#27;[0;39m&amp#27;[39mDEBUG Iteration 51: Found improving solution (cost: 100,00, reliability: 0,980)
&amp#27;[0;39m&amp#27;[39mDEBUG Iteration 53: Found improving solution (cost: 100,00, reliability: 0,980)
&amp#27;[0;39m&amp#27;[39mDEBUG Applying diversification strategy
&amp#27;[0;39m&amp#27;[39mDEBUG Applying diversification strategy
&amp#27;[0;39m&amp#27;[39mDEBUG Applying diversification strategy
&amp#27;[0;39m&amp#27;[39mDEBUG Applying diversification strategy
&amp#27;[0;39m&amp#27;[39mDEBUG Applying diversification strategy
&amp#27;[0;39m&amp#27;[39mDEBUG Applying diversification strategy
&amp#27;[0;39m&amp#27;[39mDEBUG Applying diversification strategy
&amp#27;[0;39m&amp#27;[39mDEBUG Applying diversification strategy
&amp#27;[0;39m&amp#27;[39mDEBUG Iteration 1: Found improving solution (cost: 120,00, reliability: 0,990)
&amp#27;[0;39m&amp#27;[39mDEBUG Iteration 3: Found improving solution (cost: 120,00, reliability: 0,990)
&amp#27;[0;39m&amp#27;[39mDEBUG Iteration 5: Found improving solution (cost: 120,00, reliability: 0,990)
&amp#27;[0;39m&amp#27;[39mDEBUG Iteration 7: Found improving solution (cost: 120,00, reliability: 0,990)
&amp#27;[0;39m&amp#27;[39mDEBUG Iteration 9: Found improving solution (cost: 120,00, reliability: 0,990)
&amp#27;[0;39m&amp#27;[39mDEBUG Applying diversification strategy
&amp#27;[0;39m&amp#27;[39mDEBUG Applying diversification strategy
&amp#27;[0;39m&amp#27;[39mDEBUG Applying diversification strategy
&amp#27;[0;39m&amp#27;[39mDEBUG Applying diversification strategy
&amp#27;[0;39m&amp#27;[39mDEBUG Applying diversification strategy
&amp#27;[0;39m&amp#27;[39mDEBUG Applying diversification strategy
&amp#27;[0;39m&amp#27;[39mDEBUG Applying diversification strategy
&amp#27;[0;39m&amp#27;[39mDEBUG Applying diversification strategy
&amp#27;[0;39m&amp#27;[39mDEBUG Applying diversification strategy
&amp#27;[0;39m&amp#27;[39mDEBUG Iteration 1: Found improving solution (cost: 120,00, reliability: 0,990)
&amp#27;[0;39m&amp#27;[39mDEBUG Iteration 3: Found improving solution (cost: 120,00, reliability: 0,990)
&amp#27;[0;39m&amp#27;[39mDEBUG Iteration 5: Found improving solution (cost: 120,00, reliability: 0,990)
&amp#27;[0;39m&amp#27;[39mDEBUG Iteration 7: Found improving solution (cost: 120,00, reliability: 0,990)
&amp#27;[0;39m&amp#27;[39mDEBUG Iteration 9: Found improving solution (cost: 120,00, reliability: 0,990)
&amp#27;[0;39m&amp#27;[39mDEBUG Applying diversification strategy
&amp#27;[0;39m&amp#27;[39mDEBUG Iteration 52: Found improving solution (cost: 100,00, reliability: 0,980)
&amp#27;[0;39m&amp#27;[39mDEBUG Iteration 54: Found improving solution (cost: 100,00, reliability: 0,980)
&amp#27;[0;39m&amp#27;[39mDEBUG Applying diversification strategy
&amp#27;[0;39m&amp#27;[39mDEBUG Applying diversification strategy
&amp#27;[0;39m&amp#27;[39mDEBUG Applying diversification strategy
&amp#27;[0;39m&amp#27;[39mDEBUG Applying diversification strategy
&amp#27;[0;39m&amp#27;[39mDEBUG Applying diversification strategy
&amp#27;[0;39m&amp#27;[39mDEBUG Applying diversification strategy
&amp#27;[0;39m&amp#27;[39mDEBUG Applying diversification strategy
&amp#27;[0;39m&amp#27;[39mDEBUG Applying diversification strategy
&amp#27;[0;39m&amp#27;[39mDEBUG Iteration 1: Found improving solution (cost: 120,00, reliability: 0,990)
&amp#27;[0;39m&amp#27;[39mDEBUG Iteration 3: Found improving solution (cost: 120,00, reliability: 0,990)
&amp#27;[0;39m&amp#27;[39mDEBUG Iteration 5: Found improving solution (cost: 120,00, reliability: 0,990)
&amp#27;[0;39m&amp#27;[39mDEBUG Iteration 7: Found improving solution (cost: 120,00, reliability: 0,990)
&amp#27;[0;39m&amp#27;[39mDEBUG Iteration 9: Found improving solution (cost: 120,00, reliability: 0,990)
&amp#27;[0;39m&amp#27;[39mDEBUG Applying diversification strategy
&amp#27;[0;39m&amp#27;[39mDEBUG Iteration 51: Found improving solution (cost: 100,00, reliability: 0,980)
&amp#27;[0;39m&amp#27;[39mDEBUG Applying diversification strategy
&amp#27;[0;39m&amp#27;[39mDEBUG Applying diversification strategy
&amp#27;[0;39m&amp#27;[39mDEBUG Applying diversification strategy
&amp#27;[0;39m&amp#27;[39mDEBUG Applying diversification strategy
&amp#27;[0;39m&amp#27;[39mDEBUG Applying diversification strategy
&amp#27;[0;39m&amp#27;[39mDEBUG Applying diversification strategy
&amp#27;[0;39m&amp#27;[39mDEBUG Applying diversification strategy
&amp#27;[0;39m&amp#27;[39mDEBUG Applying diversification strategy
&amp#27;[0;39m&amp#27;[39mDEBUG Iteration 1: Found improving solution (cost: 120,00, reliability: 0,990)
&amp#27;[0;39m&amp#27;[39mDEBUG Iteration 3: Found improving solution (cost: 120,00, reliability: 0,990)
&amp#27;[0;39m&amp#27;[39mDEBUG Iteration 5: Found improving solution (cost: 120,00, reliability: 0,990)
&amp#27;[0;39m&amp#27;[39mDEBUG Iteration 7: Found improving solution (cost: 120,00, reliability: 0,990)
&amp#27;[0;39m&amp#27;[39mDEBUG Iteration 9: Found improving solution (cost: 120,00, reliability: 0,990)
&amp#27;[0;39m&amp#27;[39mDEBUG Applying diversification strategy
&amp#27;[0;39m&amp#27;[39mDEBUG Iteration 52: Found improving solution (cost: 100,00, reliability: 0,980)
&amp#27;[0;39m&amp#27;[39mDEBUG Iteration 54: Found improving solution (cost: 100,00, reliability: 0,980)
&amp#27;[0;39m&amp#27;[39mDEBUG Applying diversification strategy
&amp#27;[0;39m&amp#27;[39mDEBUG Applying diversification strategy
&amp#27;[0;39m&amp#27;[39mDEBUG Applying diversification strategy
&amp#27;[0;39m&amp#27;[39mDEBUG Applying diversification strategy
&amp#27;[0;39m&amp#27;[39mDEBUG Applying diversification strategy
&amp#27;[0;39m&amp#27;[39mDEBUG Applying diversification strategy
&amp#27;[0;39m&amp#27;[39mDEBUG Applying diversification strategy
&amp#27;[0;39m&amp#27;[39mDEBUG Applying diversification strategy
&amp#27;[0;39m&amp#27;[39mDEBUG Iteration 1: Found improving solution (cost: 120,00, reliability: 0,990)
&amp#27;[0;39m&amp#27;[39mDEBUG Iteration 3: Found improving solution (cost: 120,00, reliability: 0,990)
&amp#27;[0;39m&amp#27;[39mDEBUG Iteration 5: Found improving solution (cost: 120,00, reliability: 0,990)
&amp#27;[0;39m&amp#27;[39mDEBUG Iteration 7: Found improving solution (cost: 120,00, reliability: 0,990)
&amp#27;[0;39m&amp#27;[39mDEBUG Iteration 9: Found improving solution (cost: 120,00, reliability: 0,990)
&amp#27;[0;39m&amp#27;[39mDEBUG Applying diversification strategy
&amp#27;[0;39m&amp#27;[39mDEBUG Applying diversification strategy
&amp#27;[0;39m&amp#27;[39mDEBUG Applying diversification strategy
&amp#27;[0;39m&amp#27;[39mDEBUG Applying diversification strategy
&amp#27;[0;39m&amp#27;[39mDEBUG Applying diversification strategy
&amp#27;[0;39m&amp#27;[39mDEBUG Applying diversification strategy
&amp#27;[0;39m&amp#27;[39mDEBUG Applying diversification strategy
&amp#27;[0;39m&amp#27;[39mDEBUG Applying diversification strategy
&amp#27;[0;39m&amp#27;[39mDEBUG Applying diversification strategy
&amp#27;[0;39m&amp#27;[39mDEBUG Iteration 1: Found improving solution (cost: 120,00, reliability: 0,990)
&amp#27;[0;39m&amp#27;[39mDEBUG Iteration 3: Found improving solution (cost: 120,00, reliability: 0,990)
&amp#27;[0;39m&amp#27;[39mDEBUG Iteration 5: Found improving solution (cost: 120,00, reliability: 0,990)
&amp#27;[0;39m&amp#27;[39mDEBUG Iteration 7: Found improving solution (cost: 120,00, reliability: 0,990)
&amp#27;[0;39m&amp#27;[39mDEBUG Iteration 9: Found improving solution (cost: 120,00, reliability: 0,990)
&amp#27;[0;39m&amp#27;[39mDEBUG Applying diversification strategy
&amp#27;[0;39m&amp#27;[39mDEBUG Applying diversification strategy
&amp#27;[0;39m&amp#27;[39mDEBUG Applying diversification strategy
&amp#27;[0;39m&amp#27;[39mDEBUG Applying diversification strategy
&amp#27;[0;39m&amp#27;[39mDEBUG Applying diversification strategy
&amp#27;[0;39m&amp#27;[39mDEBUG Applying diversification strategy
&amp#27;[0;39m&amp#27;[39mDEBUG Applying diversification strategy
&amp#27;[0;39m&amp#27;[39mDEBUG Applying diversification strategy
&amp#27;[0;39m&amp#27;[39mDEBUG Applying diversification strategy
&amp#27;[0;39m&amp#27;[39mDEBUG Iteration 1: Found improving solution (cost: 120,00, reliability: 0,990)
&amp#27;[0;39m&amp#27;[39mDEBUG Iteration 3: Found improving solution (cost: 120,00, reliability: 0,990)
&amp#27;[0;39m&amp#27;[39mDEBUG Iteration 5: Found improving solution (cost: 120,00, reliability: 0,990)
&amp#27;[0;39m&amp#27;[39mDEBUG Iteration 7: Found improving solution (cost: 120,00, reliability: 0,990)
&amp#27;[0;39m&amp#27;[39mDEBUG Iteration 9: Found improving solution (cost: 120,00, reliability: 0,990)
&amp#27;[0;39m&amp#27;[39mDEBUG Applying diversification strategy
&amp#27;[0;39m&amp#27;[39mDEBUG Applying diversification strategy
&amp#27;[0;39m&amp#27;[39mDEBUG Applying diversification strategy
&amp#27;[0;39m&amp#27;[39mDEBUG Applying diversification strategy
&amp#27;[0;39m&amp#27;[39mDEBUG Applying diversification strategy
&amp#27;[0;39m&amp#27;[39mDEBUG Applying diversification strategy
&amp#27;[0;39m&amp#27;[39mDEBUG Applying diversification strategy
&amp#27;[0;39m&amp#27;[39mDEBUG Applying diversification strategy
&amp#27;[0;39m&amp#27;[39mDEBUG Applying diversification strategy
&amp#27;[0;39m&amp#27;[39mDEBUG Iteration 1: Found improving solution (cost: 120,00, reliability: 0,990)
&amp#27;[0;39m&amp#27;[39mDEBUG Iteration 3: Found improving solution (cost: 120,00, reliability: 0,990)
&amp#27;[0;39m&amp#27;[39mDEBUG Iteration 5: Found improving solution (cost: 120,00, reliability: 0,990)
&amp#27;[0;39m&amp#27;[39mDEBUG Iteration 7: Found improving solution (cost: 120,00, reliability: 0,990)
&amp#27;[0;39m&amp#27;[39mDEBUG Iteration 9: Found improving solution (cost: 120,00, reliability: 0,990)
&amp#27;[0;39m&amp#27;[39mDEBUG Applying diversification strategy
&amp#27;[0;39m&amp#27;[39mDEBUG Applying diversification strategy
&amp#27;[0;39m&amp#27;[39mDEBUG Applying diversification strategy
&amp#27;[0;39m&amp#27;[39mDEBUG Applying diversification strategy
&amp#27;[0;39m&amp#27;[39mDEBUG Applying diversification strategy
&amp#27;[0;39m&amp#27;[39mDEBUG Applying diversification strategy
&amp#27;[0;39m&amp#27;[39mDEBUG Applying diversification strategy
&amp#27;[0;39m&amp#27;[39mDEBUG Applying diversification strategy
&amp#27;[0;39m&amp#27;[39mDEBUG Applying diversification strategy
&amp#27;[0;39m&amp#27;[39mDEBUG Iteration 1: Found improving solution (cost: 120,00, reliability: 0,990)
&amp#27;[0;39m&amp#27;[39mDEBUG Iteration 3: Found improving solution (cost: 120,00, reliability: 0,990)
&amp#27;[0;39m&amp#27;[39mDEBUG Iteration 5: Found improving solution (cost: 120,00, reliability: 0,990)
&amp#27;[0;39m&amp#27;[39mDEBUG Iteration 7: Found improving solution (cost: 120,00, reliability: 0,990)
&amp#27;[0;39m&amp#27;[39mDEBUG Iteration 9: Found improving solution (cost: 120,00, reliability: 0,990)
&amp#27;[0;39m&amp#27;[39mDEBUG Applying diversification strategy
&amp#27;[0;39m&amp#27;[39mDEBUG Applying diversification strategy
&amp#27;[0;39m&amp#27;[39mDEBUG Applying diversification strategy
&amp#27;[0;39m&amp#27;[39mDEBUG Applying diversification strategy
&amp#27;[0;39m&amp#27;[39mDEBUG Applying diversification strategy
&amp#27;[0;39m&amp#27;[39mDEBUG Applying diversification strategy
&amp#27;[0;39m&amp#27;[39mDEBUG Applying diversification strategy
&amp#27;[0;39m&amp#27;[39mDEBUG Applying diversification strategy
&amp#27;[0;39m&amp#27;[39mDEBUG Applying diversification strategy
&amp#27;[0;39m&amp#27;[34mINFO  Tabu Search completed in 70 ms, 5000 iterations, 57 improvements
&amp#27;[0;39m&amp#27;[34mINFO  Tabu Search completed. Archive size: 10, Improvements: 57
&amp#27;[0;39m&amp#27;[34mINFO  Hybrid optimization completed in 76 ms
&amp#27;[0;39m&amp#27;[34mINFO  Final archive statistics: ArchiveStats{size=10, cost=[120,00, 120,00, 120,00], reliability=[0,990, 0,990, 0,990]}
&amp#27;[0;39m]]></system-out>
  </testcase>
  <testcase name="testOptimizationExecution" classname="com.ramonyago.cloudsim.AppTest" time="0.055">
    <system-out><![CDATA[&amp#27;[34mINFO  VM Allocation Optimizer initialized for instance: sample
&amp#27;[0;39m&amp#27;[34mINFO  Instance statistics: Instance Statistics:
  VMs: 3, Hosts: 3
  Avg VM reliability requirement: 0,943
  Avg Host failure probability: 0,027
  Total host activation cost: 300,00
  Resource demands vs capacities:
    CPU: 7,00 / 24,00 (29,2%)
    RAM: 14,00 / 48,00 (29,2%)
    Storage: 70,00 / 350,00 (20,0%)
    Network: 0,00 / 0,00 (0,0%)
    GPU: 0,00 / 0,00 (0,0%)

&amp#27;[0;39m&amp#27;[34mINFO  Starting hybrid optimization process...
&amp#27;[0;39m&amp#27;[34mINFO  === Phase 1: Multi-objective BRKGA ===
&amp#27;[0;39m&amp#27;[34mINFO  MOBRKGA initialized with parameters: BRKGAParameters{popSize=20, maxGen=10, elite=0,15, mutant=0,10, inheritance=0,70, archiveSize=10, NSGA2=true}
&amp#27;[0;39m&amp#27;[34mINFO  Starting MOBRKGA execution...
&amp#27;[0;39m&amp#27;[39mDEBUG Population initialized with 20 individuals
&amp#27;[0;39m&amp#27;[34mINFO  Generation 10: Archive size = 10, Avg cost = 159,00, Avg reliability = 0,985
&amp#27;[0;39m&amp#27;[34mINFO  MOBRKGA completed in 3 ms
&amp#27;[0;39m&amp#27;[34mINFO  BRKGA completed. Archive size: 10
&amp#27;[0;39m&amp#27;[34mINFO  === Phase 2: Multi-objective Tabu Search ===
&amp#27;[0;39m&amp#27;[34mINFO  Starting Tabu Search with 10 initial solutions
&amp#27;[0;39m&amp#27;[39mDEBUG Iteration 1: Found improving solution (cost: 120,00, reliability: 0,990)
&amp#27;[0;39m&amp#27;[39mDEBUG Iteration 3: Found improving solution (cost: 120,00, reliability: 0,990)
&amp#27;[0;39m&amp#27;[39mDEBUG Iteration 5: Found improving solution (cost: 120,00, reliability: 0,990)
&amp#27;[0;39m&amp#27;[39mDEBUG Iteration 7: Found improving solution (cost: 120,00, reliability: 0,990)
&amp#27;[0;39m&amp#27;[39mDEBUG Iteration 9: Found improving solution (cost: 120,00, reliability: 0,990)
&amp#27;[0;39m&amp#27;[39mDEBUG Applying diversification strategy
&amp#27;[0;39m&amp#27;[39mDEBUG Iteration 51: Found improving solution (cost: 100,00, reliability: 0,980)
&amp#27;[0;39m&amp#27;[39mDEBUG Iteration 53: Found improving solution (cost: 100,00, reliability: 0,980)
&amp#27;[0;39m&amp#27;[39mDEBUG Applying diversification strategy
&amp#27;[0;39m&amp#27;[39mDEBUG Applying diversification strategy
&amp#27;[0;39m&amp#27;[39mDEBUG Applying diversification strategy
&amp#27;[0;39m&amp#27;[39mDEBUG Applying diversification strategy
&amp#27;[0;39m&amp#27;[39mDEBUG Applying diversification strategy
&amp#27;[0;39m&amp#27;[39mDEBUG Applying diversification strategy
&amp#27;[0;39m&amp#27;[39mDEBUG Applying diversification strategy
&amp#27;[0;39m&amp#27;[39mDEBUG Applying diversification strategy
&amp#27;[0;39m&amp#27;[39mDEBUG Iteration 1: Found improving solution (cost: 120,00, reliability: 0,990)
&amp#27;[0;39m&amp#27;[39mDEBUG Iteration 3: Found improving solution (cost: 120,00, reliability: 0,990)
&amp#27;[0;39m&amp#27;[39mDEBUG Iteration 5: Found improving solution (cost: 120,00, reliability: 0,990)
&amp#27;[0;39m&amp#27;[39mDEBUG Iteration 7: Found improving solution (cost: 120,00, reliability: 0,990)
&amp#27;[0;39m&amp#27;[39mDEBUG Iteration 9: Found improving solution (cost: 120,00, reliability: 0,990)
&amp#27;[0;39m&amp#27;[39mDEBUG Applying diversification strategy
&amp#27;[0;39m&amp#27;[39mDEBUG Applying diversification strategy
&amp#27;[0;39m&amp#27;[39mDEBUG Applying diversification strategy
&amp#27;[0;39m&amp#27;[39mDEBUG Applying diversification strategy
&amp#27;[0;39m&amp#27;[39mDEBUG Applying diversification strategy
&amp#27;[0;39m&amp#27;[39mDEBUG Applying diversification strategy
&amp#27;[0;39m&amp#27;[39mDEBUG Applying diversification strategy
&amp#27;[0;39m&amp#27;[39mDEBUG Applying diversification strategy
&amp#27;[0;39m&amp#27;[39mDEBUG Applying diversification strategy
&amp#27;[0;39m&amp#27;[39mDEBUG Iteration 1: Found improving solution (cost: 120,00, reliability: 0,990)
&amp#27;[0;39m&amp#27;[39mDEBUG Iteration 3: Found improving solution (cost: 120,00, reliability: 0,990)
&amp#27;[0;39m&amp#27;[39mDEBUG Iteration 5: Found improving solution (cost: 120,00, reliability: 0,990)
&amp#27;[0;39m&amp#27;[39mDEBUG Iteration 7: Found improving solution (cost: 120,00, reliability: 0,990)
&amp#27;[0;39m&amp#27;[39mDEBUG Iteration 9: Found improving solution (cost: 120,00, reliability: 0,990)
&amp#27;[0;39m&amp#27;[39mDEBUG Applying diversification strategy
&amp#27;[0;39m&amp#27;[39mDEBUG Iteration 52: Found improving solution (cost: 100,00, reliability: 0,980)
&amp#27;[0;39m&amp#27;[39mDEBUG Iteration 54: Found improving solution (cost: 100,00, reliability: 0,980)
&amp#27;[0;39m&amp#27;[39mDEBUG Applying diversification strategy
&amp#27;[0;39m&amp#27;[39mDEBUG Applying diversification strategy
&amp#27;[0;39m&amp#27;[39mDEBUG Applying diversification strategy
&amp#27;[0;39m&amp#27;[39mDEBUG Applying diversification strategy
&amp#27;[0;39m&amp#27;[39mDEBUG Applying diversification strategy
&amp#27;[0;39m&amp#27;[39mDEBUG Applying diversification strategy
&amp#27;[0;39m&amp#27;[39mDEBUG Applying diversification strategy
&amp#27;[0;39m&amp#27;[39mDEBUG Applying diversification strategy
&amp#27;[0;39m&amp#27;[39mDEBUG Iteration 1: Found improving solution (cost: 120,00, reliability: 0,990)
&amp#27;[0;39m&amp#27;[39mDEBUG Iteration 3: Found improving solution (cost: 120,00, reliability: 0,990)
&amp#27;[0;39m&amp#27;[39mDEBUG Iteration 5: Found improving solution (cost: 120,00, reliability: 0,990)
&amp#27;[0;39m&amp#27;[39mDEBUG Iteration 7: Found improving solution (cost: 120,00, reliability: 0,990)
&amp#27;[0;39m&amp#27;[39mDEBUG Iteration 9: Found improving solution (cost: 120,00, reliability: 0,990)
&amp#27;[0;39m&amp#27;[39mDEBUG Applying diversification strategy
&amp#27;[0;39m&amp#27;[39mDEBUG Iteration 51: Found improving solution (cost: 100,00, reliability: 0,980)
&amp#27;[0;39m&amp#27;[39mDEBUG Applying diversification strategy
&amp#27;[0;39m&amp#27;[39mDEBUG Applying diversification strategy
&amp#27;[0;39m&amp#27;[39mDEBUG Applying diversification strategy
&amp#27;[0;39m&amp#27;[39mDEBUG Applying diversification strategy
&amp#27;[0;39m&amp#27;[39mDEBUG Applying diversification strategy
&amp#27;[0;39m&amp#27;[39mDEBUG Applying diversification strategy
&amp#27;[0;39m&amp#27;[39mDEBUG Applying diversification strategy
&amp#27;[0;39m&amp#27;[39mDEBUG Applying diversification strategy
&amp#27;[0;39m&amp#27;[39mDEBUG Iteration 1: Found improving solution (cost: 120,00, reliability: 0,990)
&amp#27;[0;39m&amp#27;[39mDEBUG Iteration 3: Found improving solution (cost: 120,00, reliability: 0,990)
&amp#27;[0;39m&amp#27;[39mDEBUG Iteration 5: Found improving solution (cost: 120,00, reliability: 0,990)
&amp#27;[0;39m&amp#27;[39mDEBUG Iteration 7: Found improving solution (cost: 120,00, reliability: 0,990)
&amp#27;[0;39m&amp#27;[39mDEBUG Iteration 9: Found improving solution (cost: 120,00, reliability: 0,990)
&amp#27;[0;39m&amp#27;[39mDEBUG Applying diversification strategy
&amp#27;[0;39m&amp#27;[39mDEBUG Iteration 52: Found improving solution (cost: 100,00, reliability: 0,980)
&amp#27;[0;39m&amp#27;[39mDEBUG Iteration 54: Found improving solution (cost: 100,00, reliability: 0,980)
&amp#27;[0;39m&amp#27;[39mDEBUG Applying diversification strategy
&amp#27;[0;39m&amp#27;[39mDEBUG Applying diversification strategy
&amp#27;[0;39m&amp#27;[39mDEBUG Applying diversification strategy
&amp#27;[0;39m&amp#27;[39mDEBUG Applying diversification strategy
&amp#27;[0;39m&amp#27;[39mDEBUG Applying diversification strategy
&amp#27;[0;39m&amp#27;[39mDEBUG Applying diversification strategy
&amp#27;[0;39m&amp#27;[39mDEBUG Applying diversification strategy
&amp#27;[0;39m&amp#27;[39mDEBUG Applying diversification strategy
&amp#27;[0;39m&amp#27;[39mDEBUG Iteration 1: Found improving solution (cost: 120,00, reliability: 0,990)
&amp#27;[0;39m&amp#27;[39mDEBUG Iteration 3: Found improving solution (cost: 120,00, reliability: 0,990)
&amp#27;[0;39m&amp#27;[39mDEBUG Iteration 5: Found improving solution (cost: 120,00, reliability: 0,990)
&amp#27;[0;39m&amp#27;[39mDEBUG Iteration 7: Found improving solution (cost: 120,00, reliability: 0,990)
&amp#27;[0;39m&amp#27;[39mDEBUG Iteration 9: Found improving solution (cost: 120,00, reliability: 0,990)
&amp#27;[0;39m&amp#27;[39mDEBUG Applying diversification strategy
&amp#27;[0;39m&amp#27;[39mDEBUG Applying diversification strategy
&amp#27;[0;39m&amp#27;[39mDEBUG Applying diversification strategy
&amp#27;[0;39m&amp#27;[39mDEBUG Applying diversification strategy
&amp#27;[0;39m&amp#27;[39mDEBUG Applying diversification strategy
&amp#27;[0;39m&amp#27;[39mDEBUG Applying diversification strategy
&amp#27;[0;39m&amp#27;[39mDEBUG Applying diversification strategy
&amp#27;[0;39m&amp#27;[39mDEBUG Applying diversification strategy
&amp#27;[0;39m&amp#27;[39mDEBUG Applying diversification strategy
&amp#27;[0;39m&amp#27;[39mDEBUG Iteration 1: Found improving solution (cost: 120,00, reliability: 0,990)
&amp#27;[0;39m&amp#27;[39mDEBUG Iteration 3: Found improving solution (cost: 120,00, reliability: 0,990)
&amp#27;[0;39m&amp#27;[39mDEBUG Iteration 5: Found improving solution (cost: 120,00, reliability: 0,990)
&amp#27;[0;39m&amp#27;[39mDEBUG Iteration 7: Found improving solution (cost: 120,00, reliability: 0,990)
&amp#27;[0;39m&amp#27;[39mDEBUG Iteration 9: Found improving solution (cost: 120,00, reliability: 0,990)
&amp#27;[0;39m&amp#27;[39mDEBUG Applying diversification strategy
&amp#27;[0;39m&amp#27;[39mDEBUG Applying diversification strategy
&amp#27;[0;39m&amp#27;[39mDEBUG Applying diversification strategy
&amp#27;[0;39m&amp#27;[39mDEBUG Applying diversification strategy
&amp#27;[0;39m&amp#27;[39mDEBUG Applying diversification strategy
&amp#27;[0;39m&amp#27;[39mDEBUG Applying diversification strategy
&amp#27;[0;39m&amp#27;[39mDEBUG Applying diversification strategy
&amp#27;[0;39m&amp#27;[39mDEBUG Applying diversification strategy
&amp#27;[0;39m&amp#27;[39mDEBUG Applying diversification strategy
&amp#27;[0;39m&amp#27;[39mDEBUG Iteration 1: Found improving solution (cost: 120,00, reliability: 0,990)
&amp#27;[0;39m&amp#27;[39mDEBUG Iteration 3: Found improving solution (cost: 120,00, reliability: 0,990)
&amp#27;[0;39m&amp#27;[39mDEBUG Iteration 5: Found improving solution (cost: 120,00, reliability: 0,990)
&amp#27;[0;39m&amp#27;[39mDEBUG Iteration 7: Found improving solution (cost: 120,00, reliability: 0,990)
&amp#27;[0;39m&amp#27;[39mDEBUG Iteration 9: Found improving solution (cost: 120,00, reliability: 0,990)
&amp#27;[0;39m&amp#27;[39mDEBUG Applying diversification strategy
&amp#27;[0;39m&amp#27;[39mDEBUG Applying diversification strategy
&amp#27;[0;39m&amp#27;[39mDEBUG Applying diversification strategy
&amp#27;[0;39m&amp#27;[39mDEBUG Applying diversification strategy
&amp#27;[0;39m&amp#27;[39mDEBUG Applying diversification strategy
&amp#27;[0;39m&amp#27;[39mDEBUG Applying diversification strategy
&amp#27;[0;39m&amp#27;[39mDEBUG Applying diversification strategy
&amp#27;[0;39m&amp#27;[39mDEBUG Applying diversification strategy
&amp#27;[0;39m&amp#27;[39mDEBUG Applying diversification strategy
&amp#27;[0;39m&amp#27;[39mDEBUG Iteration 1: Found improving solution (cost: 120,00, reliability: 0,990)
&amp#27;[0;39m&amp#27;[39mDEBUG Iteration 3: Found improving solution (cost: 120,00, reliability: 0,990)
&amp#27;[0;39m&amp#27;[39mDEBUG Iteration 5: Found improving solution (cost: 120,00, reliability: 0,990)
&amp#27;[0;39m&amp#27;[39mDEBUG Iteration 7: Found improving solution (cost: 120,00, reliability: 0,990)
&amp#27;[0;39m&amp#27;[39mDEBUG Iteration 9: Found improving solution (cost: 120,00, reliability: 0,990)
&amp#27;[0;39m&amp#27;[39mDEBUG Applying diversification strategy
&amp#27;[0;39m&amp#27;[39mDEBUG Applying diversification strategy
&amp#27;[0;39m&amp#27;[39mDEBUG Applying diversification strategy
&amp#27;[0;39m&amp#27;[39mDEBUG Applying diversification strategy
&amp#27;[0;39m&amp#27;[39mDEBUG Applying diversification strategy
&amp#27;[0;39m&amp#27;[39mDEBUG Applying diversification strategy
&amp#27;[0;39m&amp#27;[39mDEBUG Applying diversification strategy
&amp#27;[0;39m&amp#27;[39mDEBUG Applying diversification strategy
&amp#27;[0;39m&amp#27;[39mDEBUG Applying diversification strategy
&amp#27;[0;39m&amp#27;[39mDEBUG Iteration 1: Found improving solution (cost: 120,00, reliability: 0,990)
&amp#27;[0;39m&amp#27;[39mDEBUG Iteration 3: Found improving solution (cost: 120,00, reliability: 0,990)
&amp#27;[0;39m&amp#27;[39mDEBUG Iteration 5: Found improving solution (cost: 120,00, reliability: 0,990)
&amp#27;[0;39m&amp#27;[39mDEBUG Iteration 7: Found improving solution (cost: 120,00, reliability: 0,990)
&amp#27;[0;39m&amp#27;[39mDEBUG Iteration 9: Found improving solution (cost: 120,00, reliability: 0,990)
&amp#27;[0;39m&amp#27;[39mDEBUG Applying diversification strategy
&amp#27;[0;39m&amp#27;[39mDEBUG Applying diversification strategy
&amp#27;[0;39m&amp#27;[39mDEBUG Applying diversification strategy
&amp#27;[0;39m&amp#27;[39mDEBUG Applying diversification strategy
&amp#27;[0;39m&amp#27;[39mDEBUG Applying diversification strategy
&amp#27;[0;39m&amp#27;[39mDEBUG Applying diversification strategy
&amp#27;[0;39m&amp#27;[39mDEBUG Applying diversification strategy
&amp#27;[0;39m&amp#27;[39mDEBUG Applying diversification strategy
&amp#27;[0;39m&amp#27;[39mDEBUG Applying diversification strategy
&amp#27;[0;39m&amp#27;[34mINFO  Tabu Search completed in 50 ms, 5000 iterations, 57 improvements
&amp#27;[0;39m&amp#27;[34mINFO  Tabu Search completed. Archive size: 10, Improvements: 57
&amp#27;[0;39m&amp#27;[34mINFO  Hybrid optimization completed in 53 ms
&amp#27;[0;39m&amp#27;[34mINFO  Final archive statistics: ArchiveStats{size=10, cost=[120,00, 120,00, 120,00], reliability=[0,990, 0,990, 0,990]}
&amp#27;[0;39m]]></system-out>
  </testcase>
  <testcase name="testInstanceFromJSON" classname="com.ramonyago.cloudsim.AppTest" time="0.001"/>
  <testcase name="testSolutionObjectives" classname="com.ramonyago.cloudsim.AppTest" time="0.059">
    <system-out><![CDATA[&amp#27;[34mINFO  VM Allocation Optimizer initialized for instance: sample
&amp#27;[0;39m&amp#27;[34mINFO  Instance statistics: Instance Statistics:
  VMs: 3, Hosts: 3
  Avg VM reliability requirement: 0,943
  Avg Host failure probability: 0,027
  Total host activation cost: 300,00
  Resource demands vs capacities:
    CPU: 7,00 / 24,00 (29,2%)
    RAM: 14,00 / 48,00 (29,2%)
    Storage: 70,00 / 350,00 (20,0%)
    Network: 0,00 / 0,00 (0,0%)
    GPU: 0,00 / 0,00 (0,0%)

&amp#27;[0;39m&amp#27;[34mINFO  Starting hybrid optimization process...
&amp#27;[0;39m&amp#27;[34mINFO  === Phase 1: Multi-objective BRKGA ===
&amp#27;[0;39m&amp#27;[34mINFO  MOBRKGA initialized with parameters: BRKGAParameters{popSize=20, maxGen=10, elite=0,15, mutant=0,10, inheritance=0,70, archiveSize=10, NSGA2=true}
&amp#27;[0;39m&amp#27;[34mINFO  Starting MOBRKGA execution...
&amp#27;[0;39m&amp#27;[39mDEBUG Population initialized with 20 individuals
&amp#27;[0;39m&amp#27;[34mINFO  Generation 10: Archive size = 10, Avg cost = 159,00, Avg reliability = 0,985
&amp#27;[0;39m&amp#27;[34mINFO  MOBRKGA completed in 3 ms
&amp#27;[0;39m&amp#27;[34mINFO  BRKGA completed. Archive size: 10
&amp#27;[0;39m&amp#27;[34mINFO  === Phase 2: Multi-objective Tabu Search ===
&amp#27;[0;39m&amp#27;[34mINFO  Starting Tabu Search with 10 initial solutions
&amp#27;[0;39m&amp#27;[39mDEBUG Iteration 1: Found improving solution (cost: 120,00, reliability: 0,990)
&amp#27;[0;39m&amp#27;[39mDEBUG Iteration 3: Found improving solution (cost: 120,00, reliability: 0,990)
&amp#27;[0;39m&amp#27;[39mDEBUG Iteration 5: Found improving solution (cost: 120,00, reliability: 0,990)
&amp#27;[0;39m&amp#27;[39mDEBUG Iteration 7: Found improving solution (cost: 120,00, reliability: 0,990)
&amp#27;[0;39m&amp#27;[39mDEBUG Iteration 9: Found improving solution (cost: 120,00, reliability: 0,990)
&amp#27;[0;39m&amp#27;[39mDEBUG Applying diversification strategy
&amp#27;[0;39m&amp#27;[39mDEBUG Iteration 51: Found improving solution (cost: 100,00, reliability: 0,980)
&amp#27;[0;39m&amp#27;[39mDEBUG Iteration 53: Found improving solution (cost: 100,00, reliability: 0,980)
&amp#27;[0;39m&amp#27;[39mDEBUG Applying diversification strategy
&amp#27;[0;39m&amp#27;[39mDEBUG Applying diversification strategy
&amp#27;[0;39m&amp#27;[39mDEBUG Applying diversification strategy
&amp#27;[0;39m&amp#27;[39mDEBUG Applying diversification strategy
&amp#27;[0;39m&amp#27;[39mDEBUG Applying diversification strategy
&amp#27;[0;39m&amp#27;[39mDEBUG Applying diversification strategy
&amp#27;[0;39m&amp#27;[39mDEBUG Applying diversification strategy
&amp#27;[0;39m&amp#27;[39mDEBUG Applying diversification strategy
&amp#27;[0;39m&amp#27;[39mDEBUG Iteration 1: Found improving solution (cost: 120,00, reliability: 0,990)
&amp#27;[0;39m&amp#27;[39mDEBUG Iteration 3: Found improving solution (cost: 120,00, reliability: 0,990)
&amp#27;[0;39m&amp#27;[39mDEBUG Iteration 5: Found improving solution (cost: 120,00, reliability: 0,990)
&amp#27;[0;39m&amp#27;[39mDEBUG Iteration 7: Found improving solution (cost: 120,00, reliability: 0,990)
&amp#27;[0;39m&amp#27;[39mDEBUG Iteration 9: Found improving solution (cost: 120,00, reliability: 0,990)
&amp#27;[0;39m&amp#27;[39mDEBUG Applying diversification strategy
&amp#27;[0;39m&amp#27;[39mDEBUG Applying diversification strategy
&amp#27;[0;39m&amp#27;[39mDEBUG Applying diversification strategy
&amp#27;[0;39m&amp#27;[39mDEBUG Applying diversification strategy
&amp#27;[0;39m&amp#27;[39mDEBUG Applying diversification strategy
&amp#27;[0;39m&amp#27;[39mDEBUG Applying diversification strategy
&amp#27;[0;39m&amp#27;[39mDEBUG Applying diversification strategy
&amp#27;[0;39m&amp#27;[39mDEBUG Applying diversification strategy
&amp#27;[0;39m&amp#27;[39mDEBUG Applying diversification strategy
&amp#27;[0;39m&amp#27;[39mDEBUG Iteration 1: Found improving solution (cost: 120,00, reliability: 0,990)
&amp#27;[0;39m&amp#27;[39mDEBUG Iteration 3: Found improving solution (cost: 120,00, reliability: 0,990)
&amp#27;[0;39m&amp#27;[39mDEBUG Iteration 5: Found improving solution (cost: 120,00, reliability: 0,990)
&amp#27;[0;39m&amp#27;[39mDEBUG Iteration 7: Found improving solution (cost: 120,00, reliability: 0,990)
&amp#27;[0;39m&amp#27;[39mDEBUG Iteration 9: Found improving solution (cost: 120,00, reliability: 0,990)
&amp#27;[0;39m&amp#27;[39mDEBUG Applying diversification strategy
&amp#27;[0;39m&amp#27;[39mDEBUG Iteration 52: Found improving solution (cost: 100,00, reliability: 0,980)
&amp#27;[0;39m&amp#27;[39mDEBUG Iteration 54: Found improving solution (cost: 100,00, reliability: 0,980)
&amp#27;[0;39m&amp#27;[39mDEBUG Applying diversification strategy
&amp#27;[0;39m&amp#27;[39mDEBUG Applying diversification strategy
&amp#27;[0;39m&amp#27;[39mDEBUG Applying diversification strategy
&amp#27;[0;39m&amp#27;[39mDEBUG Applying diversification strategy
&amp#27;[0;39m&amp#27;[39mDEBUG Applying diversification strategy
&amp#27;[0;39m&amp#27;[39mDEBUG Applying diversification strategy
&amp#27;[0;39m&amp#27;[39mDEBUG Applying diversification strategy
&amp#27;[0;39m&amp#27;[39mDEBUG Applying diversification strategy
&amp#27;[0;39m&amp#27;[39mDEBUG Iteration 1: Found improving solution (cost: 120,00, reliability: 0,990)
&amp#27;[0;39m&amp#27;[39mDEBUG Iteration 3: Found improving solution (cost: 120,00, reliability: 0,990)
&amp#27;[0;39m&amp#27;[39mDEBUG Iteration 5: Found improving solution (cost: 120,00, reliability: 0,990)
&amp#27;[0;39m&amp#27;[39mDEBUG Iteration 7: Found improving solution (cost: 120,00, reliability: 0,990)
&amp#27;[0;39m&amp#27;[39mDEBUG Iteration 9: Found improving solution (cost: 120,00, reliability: 0,990)
&amp#27;[0;39m&amp#27;[39mDEBUG Applying diversification strategy
&amp#27;[0;39m&amp#27;[39mDEBUG Iteration 51: Found improving solution (cost: 100,00, reliability: 0,980)
&amp#27;[0;39m&amp#27;[39mDEBUG Applying diversification strategy
&amp#27;[0;39m&amp#27;[39mDEBUG Applying diversification strategy
&amp#27;[0;39m&amp#27;[39mDEBUG Applying diversification strategy
&amp#27;[0;39m&amp#27;[39mDEBUG Applying diversification strategy
&amp#27;[0;39m&amp#27;[39mDEBUG Applying diversification strategy
&amp#27;[0;39m&amp#27;[39mDEBUG Applying diversification strategy
&amp#27;[0;39m&amp#27;[39mDEBUG Applying diversification strategy
&amp#27;[0;39m&amp#27;[39mDEBUG Applying diversification strategy
&amp#27;[0;39m&amp#27;[39mDEBUG Iteration 1: Found improving solution (cost: 120,00, reliability: 0,990)
&amp#27;[0;39m&amp#27;[39mDEBUG Iteration 3: Found improving solution (cost: 120,00, reliability: 0,990)
&amp#27;[0;39m&amp#27;[39mDEBUG Iteration 5: Found improving solution (cost: 120,00, reliability: 0,990)
&amp#27;[0;39m&amp#27;[39mDEBUG Iteration 7: Found improving solution (cost: 120,00, reliability: 0,990)
&amp#27;[0;39m&amp#27;[39mDEBUG Iteration 9: Found improving solution (cost: 120,00, reliability: 0,990)
&amp#27;[0;39m&amp#27;[39mDEBUG Applying diversification strategy
&amp#27;[0;39m&amp#27;[39mDEBUG Iteration 52: Found improving solution (cost: 100,00, reliability: 0,980)
&amp#27;[0;39m&amp#27;[39mDEBUG Iteration 54: Found improving solution (cost: 100,00, reliability: 0,980)
&amp#27;[0;39m&amp#27;[39mDEBUG Applying diversification strategy
&amp#27;[0;39m&amp#27;[39mDEBUG Applying diversification strategy
&amp#27;[0;39m&amp#27;[39mDEBUG Applying diversification strategy
&amp#27;[0;39m&amp#27;[39mDEBUG Applying diversification strategy
&amp#27;[0;39m&amp#27;[39mDEBUG Applying diversification strategy
&amp#27;[0;39m&amp#27;[39mDEBUG Applying diversification strategy
&amp#27;[0;39m&amp#27;[39mDEBUG Applying diversification strategy
&amp#27;[0;39m&amp#27;[39mDEBUG Applying diversification strategy
&amp#27;[0;39m&amp#27;[39mDEBUG Iteration 1: Found improving solution (cost: 120,00, reliability: 0,990)
&amp#27;[0;39m&amp#27;[39mDEBUG Iteration 3: Found improving solution (cost: 120,00, reliability: 0,990)
&amp#27;[0;39m&amp#27;[39mDEBUG Iteration 5: Found improving solution (cost: 120,00, reliability: 0,990)
&amp#27;[0;39m&amp#27;[39mDEBUG Iteration 7: Found improving solution (cost: 120,00, reliability: 0,990)
&amp#27;[0;39m&amp#27;[39mDEBUG Iteration 9: Found improving solution (cost: 120,00, reliability: 0,990)
&amp#27;[0;39m&amp#27;[39mDEBUG Applying diversification strategy
&amp#27;[0;39m&amp#27;[39mDEBUG Applying diversification strategy
&amp#27;[0;39m&amp#27;[39mDEBUG Applying diversification strategy
&amp#27;[0;39m&amp#27;[39mDEBUG Applying diversification strategy
&amp#27;[0;39m&amp#27;[39mDEBUG Applying diversification strategy
&amp#27;[0;39m&amp#27;[39mDEBUG Applying diversification strategy
&amp#27;[0;39m&amp#27;[39mDEBUG Applying diversification strategy
&amp#27;[0;39m&amp#27;[39mDEBUG Applying diversification strategy
&amp#27;[0;39m&amp#27;[39mDEBUG Applying diversification strategy
&amp#27;[0;39m&amp#27;[39mDEBUG Iteration 1: Found improving solution (cost: 120,00, reliability: 0,990)
&amp#27;[0;39m&amp#27;[39mDEBUG Iteration 3: Found improving solution (cost: 120,00, reliability: 0,990)
&amp#27;[0;39m&amp#27;[39mDEBUG Iteration 5: Found improving solution (cost: 120,00, reliability: 0,990)
&amp#27;[0;39m&amp#27;[39mDEBUG Iteration 7: Found improving solution (cost: 120,00, reliability: 0,990)
&amp#27;[0;39m&amp#27;[39mDEBUG Iteration 9: Found improving solution (cost: 120,00, reliability: 0,990)
&amp#27;[0;39m&amp#27;[39mDEBUG Applying diversification strategy
&amp#27;[0;39m&amp#27;[39mDEBUG Applying diversification strategy
&amp#27;[0;39m&amp#27;[39mDEBUG Applying diversification strategy
&amp#27;[0;39m&amp#27;[39mDEBUG Applying diversification strategy
&amp#27;[0;39m&amp#27;[39mDEBUG Applying diversification strategy
&amp#27;[0;39m&amp#27;[39mDEBUG Applying diversification strategy
&amp#27;[0;39m&amp#27;[39mDEBUG Applying diversification strategy
&amp#27;[0;39m&amp#27;[39mDEBUG Applying diversification strategy
&amp#27;[0;39m&amp#27;[39mDEBUG Applying diversification strategy
&amp#27;[0;39m&amp#27;[39mDEBUG Iteration 1: Found improving solution (cost: 120,00, reliability: 0,990)
&amp#27;[0;39m&amp#27;[39mDEBUG Iteration 3: Found improving solution (cost: 120,00, reliability: 0,990)
&amp#27;[0;39m&amp#27;[39mDEBUG Iteration 5: Found improving solution (cost: 120,00, reliability: 0,990)
&amp#27;[0;39m&amp#27;[39mDEBUG Iteration 7: Found improving solution (cost: 120,00, reliability: 0,990)
&amp#27;[0;39m&amp#27;[39mDEBUG Iteration 9: Found improving solution (cost: 120,00, reliability: 0,990)
&amp#27;[0;39m&amp#27;[39mDEBUG Applying diversification strategy
&amp#27;[0;39m&amp#27;[39mDEBUG Applying diversification strategy
&amp#27;[0;39m&amp#27;[39mDEBUG Applying diversification strategy
&amp#27;[0;39m&amp#27;[39mDEBUG Applying diversification strategy
&amp#27;[0;39m&amp#27;[39mDEBUG Applying diversification strategy
&amp#27;[0;39m&amp#27;[39mDEBUG Applying diversification strategy
&amp#27;[0;39m&amp#27;[39mDEBUG Applying diversification strategy
&amp#27;[0;39m&amp#27;[39mDEBUG Applying diversification strategy
&amp#27;[0;39m&amp#27;[39mDEBUG Applying diversification strategy
&amp#27;[0;39m&amp#27;[39mDEBUG Iteration 1: Found improving solution (cost: 120,00, reliability: 0,990)
&amp#27;[0;39m&amp#27;[39mDEBUG Iteration 3: Found improving solution (cost: 120,00, reliability: 0,990)
&amp#27;[0;39m&amp#27;[39mDEBUG Iteration 5: Found improving solution (cost: 120,00, reliability: 0,990)
&amp#27;[0;39m&amp#27;[39mDEBUG Iteration 7: Found improving solution (cost: 120,00, reliability: 0,990)
&amp#27;[0;39m&amp#27;[39mDEBUG Iteration 9: Found improving solution (cost: 120,00, reliability: 0,990)
&amp#27;[0;39m&amp#27;[39mDEBUG Applying diversification strategy
&amp#27;[0;39m&amp#27;[39mDEBUG Applying diversification strategy
&amp#27;[0;39m&amp#27;[39mDEBUG Applying diversification strategy
&amp#27;[0;39m&amp#27;[39mDEBUG Applying diversification strategy
&amp#27;[0;39m&amp#27;[39mDEBUG Applying diversification strategy
&amp#27;[0;39m&amp#27;[39mDEBUG Applying diversification strategy
&amp#27;[0;39m&amp#27;[39mDEBUG Applying diversification strategy
&amp#27;[0;39m&amp#27;[39mDEBUG Applying diversification strategy
&amp#27;[0;39m&amp#27;[39mDEBUG Applying diversification strategy
&amp#27;[0;39m&amp#27;[39mDEBUG Iteration 1: Found improving solution (cost: 120,00, reliability: 0,990)
&amp#27;[0;39m&amp#27;[39mDEBUG Iteration 3: Found improving solution (cost: 120,00, reliability: 0,990)
&amp#27;[0;39m&amp#27;[39mDEBUG Iteration 5: Found improving solution (cost: 120,00, reliability: 0,990)
&amp#27;[0;39m&amp#27;[39mDEBUG Iteration 7: Found improving solution (cost: 120,00, reliability: 0,990)
&amp#27;[0;39m&amp#27;[39mDEBUG Iteration 9: Found improving solution (cost: 120,00, reliability: 0,990)
&amp#27;[0;39m&amp#27;[39mDEBUG Applying diversification strategy
&amp#27;[0;39m&amp#27;[39mDEBUG Applying diversification strategy
&amp#27;[0;39m&amp#27;[39mDEBUG Applying diversification strategy
&amp#27;[0;39m&amp#27;[39mDEBUG Applying diversification strategy
&amp#27;[0;39m&amp#27;[39mDEBUG Applying diversification strategy
&amp#27;[0;39m&amp#27;[39mDEBUG Applying diversification strategy
&amp#27;[0;39m&amp#27;[39mDEBUG Applying diversification strategy
&amp#27;[0;39m&amp#27;[39mDEBUG Applying diversification strategy
&amp#27;[0;39m&amp#27;[39mDEBUG Applying diversification strategy
&amp#27;[0;39m&amp#27;[34mINFO  Tabu Search completed in 53 ms, 5000 iterations, 57 improvements
&amp#27;[0;39m&amp#27;[34mINFO  Tabu Search completed. Archive size: 10, Improvements: 57
&amp#27;[0;39m&amp#27;[34mINFO  Hybrid optimization completed in 56 ms
&amp#27;[0;39m&amp#27;[34mINFO  Final archive statistics: ArchiveStats{size=10, cost=[120,00, 120,00, 120,00], reliability=[0,990, 0,990, 0,990]}
&amp#27;[0;39m]]></system-out>
  </testcase>
  <testcase name="testReportGeneration" classname="com.ramonyago.cloudsim.AppTest" time="0.045">
    <system-out><![CDATA[&amp#27;[34mINFO  VM Allocation Optimizer initialized for instance: sample
&amp#27;[0;39m&amp#27;[34mINFO  Instance statistics: Instance Statistics:
  VMs: 3, Hosts: 3
  Avg VM reliability requirement: 0,943
  Avg Host failure probability: 0,027
  Total host activation cost: 300,00
  Resource demands vs capacities:
    CPU: 7,00 / 24,00 (29,2%)
    RAM: 14,00 / 48,00 (29,2%)
    Storage: 70,00 / 350,00 (20,0%)
    Network: 0,00 / 0,00 (0,0%)
    GPU: 0,00 / 0,00 (0,0%)

&amp#27;[0;39m&amp#27;[34mINFO  Starting hybrid optimization process...
&amp#27;[0;39m&amp#27;[34mINFO  === Phase 1: Multi-objective BRKGA ===
&amp#27;[0;39m&amp#27;[34mINFO  MOBRKGA initialized with parameters: BRKGAParameters{popSize=20, maxGen=10, elite=0,15, mutant=0,10, inheritance=0,70, archiveSize=10, NSGA2=true}
&amp#27;[0;39m&amp#27;[34mINFO  Starting MOBRKGA execution...
&amp#27;[0;39m&amp#27;[39mDEBUG Population initialized with 20 individuals
&amp#27;[0;39m&amp#27;[34mINFO  Generation 10: Archive size = 10, Avg cost = 159,00, Avg reliability = 0,985
&amp#27;[0;39m&amp#27;[34mINFO  MOBRKGA completed in 3 ms
&amp#27;[0;39m&amp#27;[34mINFO  BRKGA completed. Archive size: 10
&amp#27;[0;39m&amp#27;[34mINFO  === Phase 2: Multi-objective Tabu Search ===
&amp#27;[0;39m&amp#27;[34mINFO  Starting Tabu Search with 10 initial solutions
&amp#27;[0;39m&amp#27;[39mDEBUG Iteration 1: Found improving solution (cost: 120,00, reliability: 0,990)
&amp#27;[0;39m&amp#27;[39mDEBUG Iteration 3: Found improving solution (cost: 120,00, reliability: 0,990)
&amp#27;[0;39m&amp#27;[39mDEBUG Iteration 5: Found improving solution (cost: 120,00, reliability: 0,990)
&amp#27;[0;39m&amp#27;[39mDEBUG Iteration 7: Found improving solution (cost: 120,00, reliability: 0,990)
&amp#27;[0;39m&amp#27;[39mDEBUG Iteration 9: Found improving solution (cost: 120,00, reliability: 0,990)
&amp#27;[0;39m&amp#27;[39mDEBUG Applying diversification strategy
&amp#27;[0;39m&amp#27;[39mDEBUG Iteration 51: Found improving solution (cost: 100,00, reliability: 0,980)
&amp#27;[0;39m&amp#27;[39mDEBUG Iteration 53: Found improving solution (cost: 100,00, reliability: 0,980)
&amp#27;[0;39m&amp#27;[39mDEBUG Applying diversification strategy
&amp#27;[0;39m&amp#27;[39mDEBUG Applying diversification strategy
&amp#27;[0;39m&amp#27;[39mDEBUG Applying diversification strategy
&amp#27;[0;39m&amp#27;[39mDEBUG Applying diversification strategy
&amp#27;[0;39m&amp#27;[39mDEBUG Applying diversification strategy
&amp#27;[0;39m&amp#27;[39mDEBUG Applying diversification strategy
&amp#27;[0;39m&amp#27;[39mDEBUG Applying diversification strategy
&amp#27;[0;39m&amp#27;[39mDEBUG Applying diversification strategy
&amp#27;[0;39m&amp#27;[39mDEBUG Iteration 1: Found improving solution (cost: 120,00, reliability: 0,990)
&amp#27;[0;39m&amp#27;[39mDEBUG Iteration 3: Found improving solution (cost: 120,00, reliability: 0,990)
&amp#27;[0;39m&amp#27;[39mDEBUG Iteration 5: Found improving solution (cost: 120,00, reliability: 0,990)
&amp#27;[0;39m&amp#27;[39mDEBUG Iteration 7: Found improving solution (cost: 120,00, reliability: 0,990)
&amp#27;[0;39m&amp#27;[39mDEBUG Iteration 9: Found improving solution (cost: 120,00, reliability: 0,990)
&amp#27;[0;39m&amp#27;[39mDEBUG Applying diversification strategy
&amp#27;[0;39m&amp#27;[39mDEBUG Applying diversification strategy
&amp#27;[0;39m&amp#27;[39mDEBUG Applying diversification strategy
&amp#27;[0;39m&amp#27;[39mDEBUG Applying diversification strategy
&amp#27;[0;39m&amp#27;[39mDEBUG Applying diversification strategy
&amp#27;[0;39m&amp#27;[39mDEBUG Applying diversification strategy
&amp#27;[0;39m&amp#27;[39mDEBUG Applying diversification strategy
&amp#27;[0;39m&amp#27;[39mDEBUG Applying diversification strategy
&amp#27;[0;39m&amp#27;[39mDEBUG Applying diversification strategy
&amp#27;[0;39m&amp#27;[39mDEBUG Iteration 1: Found improving solution (cost: 120,00, reliability: 0,990)
&amp#27;[0;39m&amp#27;[39mDEBUG Iteration 3: Found improving solution (cost: 120,00, reliability: 0,990)
&amp#27;[0;39m&amp#27;[39mDEBUG Iteration 5: Found improving solution (cost: 120,00, reliability: 0,990)
&amp#27;[0;39m&amp#27;[39mDEBUG Iteration 7: Found improving solution (cost: 120,00, reliability: 0,990)
&amp#27;[0;39m&amp#27;[39mDEBUG Iteration 9: Found improving solution (cost: 120,00, reliability: 0,990)
&amp#27;[0;39m&amp#27;[39mDEBUG Applying diversification strategy
&amp#27;[0;39m&amp#27;[39mDEBUG Iteration 52: Found improving solution (cost: 100,00, reliability: 0,980)
&amp#27;[0;39m&amp#27;[39mDEBUG Iteration 54: Found improving solution (cost: 100,00, reliability: 0,980)
&amp#27;[0;39m&amp#27;[39mDEBUG Applying diversification strategy
&amp#27;[0;39m&amp#27;[39mDEBUG Applying diversification strategy
&amp#27;[0;39m&amp#27;[39mDEBUG Applying diversification strategy
&amp#27;[0;39m&amp#27;[39mDEBUG Applying diversification strategy
&amp#27;[0;39m&amp#27;[39mDEBUG Applying diversification strategy
&amp#27;[0;39m&amp#27;[39mDEBUG Applying diversification strategy
&amp#27;[0;39m&amp#27;[39mDEBUG Applying diversification strategy
&amp#27;[0;39m&amp#27;[39mDEBUG Applying diversification strategy
&amp#27;[0;39m&amp#27;[39mDEBUG Iteration 1: Found improving solution (cost: 120,00, reliability: 0,990)
&amp#27;[0;39m&amp#27;[39mDEBUG Iteration 3: Found improving solution (cost: 120,00, reliability: 0,990)
&amp#27;[0;39m&amp#27;[39mDEBUG Iteration 5: Found improving solution (cost: 120,00, reliability: 0,990)
&amp#27;[0;39m&amp#27;[39mDEBUG Iteration 7: Found improving solution (cost: 120,00, reliability: 0,990)
&amp#27;[0;39m&amp#27;[39mDEBUG Iteration 9: Found improving solution (cost: 120,00, reliability: 0,990)
&amp#27;[0;39m&amp#27;[39mDEBUG Applying diversification strategy
&amp#27;[0;39m&amp#27;[39mDEBUG Iteration 51: Found improving solution (cost: 100,00, reliability: 0,980)
&amp#27;[0;39m&amp#27;[39mDEBUG Applying diversification strategy
&amp#27;[0;39m&amp#27;[39mDEBUG Applying diversification strategy
&amp#27;[0;39m&amp#27;[39mDEBUG Applying diversification strategy
&amp#27;[0;39m&amp#27;[39mDEBUG Applying diversification strategy
&amp#27;[0;39m&amp#27;[39mDEBUG Applying diversification strategy
&amp#27;[0;39m&amp#27;[39mDEBUG Applying diversification strategy
&amp#27;[0;39m&amp#27;[39mDEBUG Applying diversification strategy
&amp#27;[0;39m&amp#27;[39mDEBUG Applying diversification strategy
&amp#27;[0;39m&amp#27;[39mDEBUG Iteration 1: Found improving solution (cost: 120,00, reliability: 0,990)
&amp#27;[0;39m&amp#27;[39mDEBUG Iteration 3: Found improving solution (cost: 120,00, reliability: 0,990)
&amp#27;[0;39m&amp#27;[39mDEBUG Iteration 5: Found improving solution (cost: 120,00, reliability: 0,990)
&amp#27;[0;39m&amp#27;[39mDEBUG Iteration 7: Found improving solution (cost: 120,00, reliability: 0,990)
&amp#27;[0;39m&amp#27;[39mDEBUG Iteration 9: Found improving solution (cost: 120,00, reliability: 0,990)
&amp#27;[0;39m&amp#27;[39mDEBUG Applying diversification strategy
&amp#27;[0;39m&amp#27;[39mDEBUG Iteration 52: Found improving solution (cost: 100,00, reliability: 0,980)
&amp#27;[0;39m&amp#27;[39mDEBUG Iteration 54: Found improving solution (cost: 100,00, reliability: 0,980)
&amp#27;[0;39m&amp#27;[39mDEBUG Applying diversification strategy
&amp#27;[0;39m&amp#27;[39mDEBUG Applying diversification strategy
&amp#27;[0;39m&amp#27;[39mDEBUG Applying diversification strategy
&amp#27;[0;39m&amp#27;[39mDEBUG Applying diversification strategy
&amp#27;[0;39m&amp#27;[39mDEBUG Applying diversification strategy
&amp#27;[0;39m&amp#27;[39mDEBUG Applying diversification strategy
&amp#27;[0;39m&amp#27;[39mDEBUG Applying diversification strategy
&amp#27;[0;39m&amp#27;[39mDEBUG Applying diversification strategy
&amp#27;[0;39m&amp#27;[39mDEBUG Iteration 1: Found improving solution (cost: 120,00, reliability: 0,990)
&amp#27;[0;39m&amp#27;[39mDEBUG Iteration 3: Found improving solution (cost: 120,00, reliability: 0,990)
&amp#27;[0;39m&amp#27;[39mDEBUG Iteration 5: Found improving solution (cost: 120,00, reliability: 0,990)
&amp#27;[0;39m&amp#27;[39mDEBUG Iteration 7: Found improving solution (cost: 120,00, reliability: 0,990)
&amp#27;[0;39m&amp#27;[39mDEBUG Iteration 9: Found improving solution (cost: 120,00, reliability: 0,990)
&amp#27;[0;39m&amp#27;[39mDEBUG Applying diversification strategy
&amp#27;[0;39m&amp#27;[39mDEBUG Applying diversification strategy
&amp#27;[0;39m&amp#27;[39mDEBUG Applying diversification strategy
&amp#27;[0;39m&amp#27;[39mDEBUG Applying diversification strategy
&amp#27;[0;39m&amp#27;[39mDEBUG Applying diversification strategy
&amp#27;[0;39m&amp#27;[39mDEBUG Applying diversification strategy
&amp#27;[0;39m&amp#27;[39mDEBUG Applying diversification strategy
&amp#27;[0;39m&amp#27;[39mDEBUG Applying diversification strategy
&amp#27;[0;39m&amp#27;[39mDEBUG Applying diversification strategy
&amp#27;[0;39m&amp#27;[39mDEBUG Iteration 1: Found improving solution (cost: 120,00, reliability: 0,990)
&amp#27;[0;39m&amp#27;[39mDEBUG Iteration 3: Found improving solution (cost: 120,00, reliability: 0,990)
&amp#27;[0;39m&amp#27;[39mDEBUG Iteration 5: Found improving solution (cost: 120,00, reliability: 0,990)
&amp#27;[0;39m&amp#27;[39mDEBUG Iteration 7: Found improving solution (cost: 120,00, reliability: 0,990)
&amp#27;[0;39m&amp#27;[39mDEBUG Iteration 9: Found improving solution (cost: 120,00, reliability: 0,990)
&amp#27;[0;39m&amp#27;[39mDEBUG Applying diversification strategy
&amp#27;[0;39m&amp#27;[39mDEBUG Applying diversification strategy
&amp#27;[0;39m&amp#27;[39mDEBUG Applying diversification strategy
&amp#27;[0;39m&amp#27;[39mDEBUG Applying diversification strategy
&amp#27;[0;39m&amp#27;[39mDEBUG Applying diversification strategy
&amp#27;[0;39m&amp#27;[39mDEBUG Applying diversification strategy
&amp#27;[0;39m&amp#27;[39mDEBUG Applying diversification strategy
&amp#27;[0;39m&amp#27;[39mDEBUG Applying diversification strategy
&amp#27;[0;39m&amp#27;[39mDEBUG Applying diversification strategy
&amp#27;[0;39m&amp#27;[39mDEBUG Iteration 1: Found improving solution (cost: 120,00, reliability: 0,990)
&amp#27;[0;39m&amp#27;[39mDEBUG Iteration 3: Found improving solution (cost: 120,00, reliability: 0,990)
&amp#27;[0;39m&amp#27;[39mDEBUG Iteration 5: Found improving solution (cost: 120,00, reliability: 0,990)
&amp#27;[0;39m&amp#27;[39mDEBUG Iteration 7: Found improving solution (cost: 120,00, reliability: 0,990)
&amp#27;[0;39m&amp#27;[39mDEBUG Iteration 9: Found improving solution (cost: 120,00, reliability: 0,990)
&amp#27;[0;39m&amp#27;[39mDEBUG Applying diversification strategy
&amp#27;[0;39m&amp#27;[39mDEBUG Applying diversification strategy
&amp#27;[0;39m&amp#27;[39mDEBUG Applying diversification strategy
&amp#27;[0;39m&amp#27;[39mDEBUG Applying diversification strategy
&amp#27;[0;39m&amp#27;[39mDEBUG Applying diversification strategy
&amp#27;[0;39m&amp#27;[39mDEBUG Applying diversification strategy
&amp#27;[0;39m&amp#27;[39mDEBUG Applying diversification strategy
&amp#27;[0;39m&amp#27;[39mDEBUG Applying diversification strategy
&amp#27;[0;39m&amp#27;[39mDEBUG Applying diversification strategy
&amp#27;[0;39m&amp#27;[39mDEBUG Iteration 1: Found improving solution (cost: 120,00, reliability: 0,990)
&amp#27;[0;39m&amp#27;[39mDEBUG Iteration 3: Found improving solution (cost: 120,00, reliability: 0,990)
&amp#27;[0;39m&amp#27;[39mDEBUG Iteration 5: Found improving solution (cost: 120,00, reliability: 0,990)
&amp#27;[0;39m&amp#27;[39mDEBUG Iteration 7: Found improving solution (cost: 120,00, reliability: 0,990)
&amp#27;[0;39m&amp#27;[39mDEBUG Iteration 9: Found improving solution (cost: 120,00, reliability: 0,990)
&amp#27;[0;39m&amp#27;[39mDEBUG Applying diversification strategy
&amp#27;[0;39m&amp#27;[39mDEBUG Applying diversification strategy
&amp#27;[0;39m&amp#27;[39mDEBUG Applying diversification strategy
&amp#27;[0;39m&amp#27;[39mDEBUG Applying diversification strategy
&amp#27;[0;39m&amp#27;[39mDEBUG Applying diversification strategy
&amp#27;[0;39m&amp#27;[39mDEBUG Applying diversification strategy
&amp#27;[0;39m&amp#27;[39mDEBUG Applying diversification strategy
&amp#27;[0;39m&amp#27;[39mDEBUG Applying diversification strategy
&amp#27;[0;39m&amp#27;[39mDEBUG Applying diversification strategy
&amp#27;[0;39m&amp#27;[39mDEBUG Iteration 1: Found improving solution (cost: 120,00, reliability: 0,990)
&amp#27;[0;39m&amp#27;[39mDEBUG Iteration 3: Found improving solution (cost: 120,00, reliability: 0,990)
&amp#27;[0;39m&amp#27;[39mDEBUG Iteration 5: Found improving solution (cost: 120,00, reliability: 0,990)
&amp#27;[0;39m&amp#27;[39mDEBUG Iteration 7: Found improving solution (cost: 120,00, reliability: 0,990)
&amp#27;[0;39m&amp#27;[39mDEBUG Iteration 9: Found improving solution (cost: 120,00, reliability: 0,990)
&amp#27;[0;39m&amp#27;[39mDEBUG Applying diversification strategy
&amp#27;[0;39m&amp#27;[39mDEBUG Applying diversification strategy
&amp#27;[0;39m&amp#27;[39mDEBUG Applying diversification strategy
&amp#27;[0;39m&amp#27;[39mDEBUG Applying diversification strategy
&amp#27;[0;39m&amp#27;[39mDEBUG Applying diversification strategy
&amp#27;[0;39m&amp#27;[39mDEBUG Applying diversification strategy
&amp#27;[0;39m&amp#27;[39mDEBUG Applying diversification strategy
&amp#27;[0;39m&amp#27;[39mDEBUG Applying diversification strategy
&amp#27;[0;39m&amp#27;[39mDEBUG Applying diversification strategy
&amp#27;[0;39m&amp#27;[34mINFO  Tabu Search completed in 36 ms, 5000 iterations, 57 improvements
&amp#27;[0;39m&amp#27;[34mINFO  Tabu Search completed. Archive size: 10, Improvements: 57
&amp#27;[0;39m&amp#27;[34mINFO  Hybrid optimization completed in 39 ms
&amp#27;[0;39m&amp#27;[34mINFO  Final archive statistics: ArchiveStats{size=10, cost=[120,00, 120,00, 120,00], reliability=[0,990, 0,990, 0,990]}
&amp#27;[0;39m]]></system-out>
  </testcase>
</testsuite>