<?xml version="1.0" encoding="UTF-8"?>
<testsuite xmlns:xsi="http://www.w3.org/2001/XMLSchema-instance" xsi:noNamespaceSchemaLocation="https://maven.apache.org/surefire/maven-surefire-plugin/xsd/surefire-test-report-3.0.xsd" version="3.0" name="com.ramonyago.cloudsim.MOILPTest" time="0.206" tests="5" errors="0" skipped="0" failures="0">
  <properties>
[...]
</properties>
  <testcase name="testSimpleMOILPModel" classname="com.ramonyago.cloudsim.MOILPTest" time="0.173">
    <system-out><![CDATA[
=== TESTE DE MODELO MOILP SIMPLES ===
Instância mínima:
  VMs: 3
  Hosts: 3
  Variáveis de decisão: 9
&amp#27;[34mINFO  Starting MOILP with 0 guiding solutions
&amp#27;[0;39m&amp#27;[34mINFO  Using exact ILP formulation
&amp#27;[0;39m&amp#27;[31mWARN  MOILP timeout reached, stopping exact solution
&amp#27;[0;39m&amp#27;[34mINFO  MOILP completed in 7 ms, generated 0 solutions, optimal: false
&amp#27;[0;39mResultados do teste simples:
  Tempo de execução: 10 ms
  Soluções geradas: 0
  Soluções ótimas: false
  Tamanho do arquivo final: 0
⚠️ Nenhuma solução encontrada - pode indicar problema na formulação ou solver
]]></system-out>
    <system-err><![CDATA[SLF4J: Class path contains multiple SLF4J providers.
SLF4J: Found provider [ch.qos.logback.classic.spi.LogbackServiceProvider@5b8dfcc1]
SLF4J: Found provider [org.slf4j.simple.SimpleServiceProvider@2f9f7dcf]
SLF4J: See https://www.slf4j.org/codes.html#multiple_bindings for an explanation.
SLF4J: Actual provider is of type [ch.qos.logback.classic.spi.LogbackServiceProvider@5b8dfcc1]
]]></system-err>
  </testcase>
  <testcase name="testEpsilonConstraintStrategy" classname="com.ramonyago.cloudsim.MOILPTest" time="0.002">
    <system-out><![CDATA[
=== ANÁLISE DA ESTRATÉGIA ε-CONSTRAINT ===
Soluções guia fornecidas: 0

Calculando estratégia ε-constraint:
  Problemas MILP individuais a serem resolvidos: 21
  Cada problema resolve: maximizar confiabilidade sujeito a custo ≤ ε_i
&amp#27;[34mINFO  Starting MOILP with 0 guiding solutions
&amp#27;[0;39m&amp#27;[34mINFO  Using exact ILP formulation
&amp#27;[0;39m&amp#27;[31mWARN  MOILP timeout reached, stopping exact solution
&amp#27;[0;39m&amp#27;[34mINFO  MOILP completed in 0 ms, generated 0 solutions, optimal: false
&amp#27;[0;39m
Resultados da estratégia ε-constraint:
  Tempo total de execução: 0 ms
  Soluções geradas: 0
  Soluções são ótimas: false
  Arquivo final: 0 soluções
✅ Estratégia ε-constraint analisada com sucesso
]]></system-out>
  </testcase>
  <testcase name="testMOILPFormulation" classname="com.ramonyago.cloudsim.MOILPTest" time="0.005">
    <system-out><![CDATA[
=== ANÁLISE DA FORMULAÇÃO MOILP ===
Detalhes da formulação MOILP:
  Instância: 3 VMs, 3 hosts
  Variáveis de decisão x_ij: 9
  Variáveis de ativação y_j: 3
  Total de variáveis: 12
  Método a ser usado: FORMULAÇÃO EXATA (ILP)
  Limite para exato: 100 variáveis

Estratégia ε-constraint:
  Número de passos ε: 20
  Solver configurado: GLPK
  Timeout por problema MILP: 1800.0s
✅ Análise da formulação concluída
]]></system-out>
  </testcase>
  <testcase name="testExtendedTimeoutWithLargerInstance" classname="com.ramonyago.cloudsim.MOILPTest" time="0.003">
    <system-out><![CDATA[
=== TESTE COM TIMEOUT ESTENDIDO (INSTÂNCIA MAIOR) ===
Configurações do teste:
  Timeout: 1800.0 segundos (30.0 minutos)
  Instância: 3 VMs, 3 hosts
&amp#27;[34mINFO  Starting MOILP with 0 guiding solutions
&amp#27;[0;39m&amp#27;[34mINFO  Using exact ILP formulation
&amp#27;[0;39m&amp#27;[31mWARN  MOILP timeout reached, stopping exact solution
&amp#27;[0;39m&amp#27;[34mINFO  MOILP completed in 0 ms, generated 0 solutions, optimal: false
&amp#27;[0;39m
Resultados com timeout estendido:
  Tempo de execução: 0.001 segundos
  Utilizou timeout completo: false
  Soluções geradas: 0
  Método usado: HEURÍSTICO
  Arquivo final: 0 soluções
✅ Teste com timeout estendido concluído
]]></system-out>
  </testcase>
  <testcase name="testTimeoutConfiguration" classname="com.ramonyago.cloudsim.MOILPTest" time="0.003">
    <system-out><![CDATA[=== VERIFICAÇÃO DE TIMEOUT CONFIGURADO ===
Timeout padrão: 300.0 segundos
Timeout estendido: 1800.0 segundos
✅ Configuração de timeout verificada
]]></system-out>
  </testcase>
</testsuite>